<?xml version="1.0" encoding="UTF-8"?>
<coverage generated="1615235956254" clover="3.2.0">
  <project timestamp="1615235956254" name="All files">
    <metrics statements="191" coveredstatements="185" conditionals="150" coveredconditionals="125" methods="48" coveredmethods="47" elements="389" coveredelements="357" complexity="0" loc="191" ncloc="191" packages="2" files="4" classes="4"/>
    <package name="src">
      <metrics statements="125" coveredstatements="125" conditionals="124" coveredconditionals="104" methods="34" coveredmethods="34"/>
      <file name="connector.ts" path="/Users/david/Documents/workspace/react-move-hook/src/connector.ts">
        <metrics statements="42" coveredstatements="42" conditionals="6" coveredconditionals="6" methods="16" coveredmethods="16"/>
        <line num="18" count="28" type="cond" truecount="2" falsecount="0"/>
        <line num="19" count="5" type="stmt"/>
        <line num="21" count="23" type="stmt"/>
        <line num="24" count="1" type="stmt"/>
        <line num="25" count="28" type="cond" truecount="2" falsecount="0"/>
        <line num="26" count="5" type="stmt"/>
        <line num="31" count="23" type="stmt"/>
        <line num="34" count="1" type="stmt"/>
        <line num="39" count="1" type="cond" truecount="1" falsecount="0"/>
        <line num="40" count="1" type="stmt"/>
        <line num="42" count="1" type="stmt"/>
        <line num="44" count="13" type="stmt"/>
        <line num="46" count="13" type="stmt"/>
        <line num="47" count="3" type="stmt"/>
        <line num="49" count="13" type="stmt"/>
        <line num="50" count="2" type="stmt"/>
        <line num="52" count="13" type="stmt"/>
        <line num="53" count="1" type="stmt"/>
        <line num="56" count="13" type="stmt"/>
        <line num="57" count="13" type="stmt"/>
        <line num="58" count="13" type="stmt"/>
        <line num="61" count="13" type="stmt"/>
        <line num="62" count="13" type="stmt"/>
        <line num="63" count="13" type="stmt"/>
        <line num="64" count="13" type="stmt"/>
        <line num="69" count="1" type="cond" truecount="1" falsecount="0"/>
        <line num="70" count="2" type="stmt"/>
        <line num="71" count="2" type="stmt"/>
        <line num="73" count="13" type="stmt"/>
        <line num="75" count="13" type="stmt"/>
        <line num="76" count="10" type="stmt"/>
        <line num="78" count="13" type="stmt"/>
        <line num="79" count="13" type="stmt"/>
        <line num="81" count="13" type="stmt"/>
        <line num="82" count="2" type="stmt"/>
        <line num="85" count="13" type="stmt"/>
        <line num="86" count="13" type="stmt"/>
        <line num="87" count="13" type="stmt"/>
        <line num="90" count="13" type="stmt"/>
        <line num="91" count="13" type="stmt"/>
        <line num="92" count="13" type="stmt"/>
        <line num="93" count="13" type="stmt"/>
      </file>
      <file name="useMovable.ts" path="/Users/david/Documents/workspace/react-move-hook/src/useMovable.ts">
        <metrics statements="74" coveredstatements="74" conditionals="103" coveredconditionals="86" methods="13" coveredmethods="13"/>
        <line num="1" count="1" type="stmt"/>
        <line num="2" count="1" type="stmt"/>
        <line num="3" count="1" type="stmt"/>
        <line num="73" count="1" type="stmt"/>
        <line num="80" count="40" type="cond" truecount="1" falsecount="1"/>
        <line num="86" count="40" type="stmt"/>
        <line num="92" count="40" type="stmt"/>
        <line num="98" count="40" type="cond" truecount="2" falsecount="0"/>
        <line num="100" count="40" type="cond" truecount="2" falsecount="0"/>
        <line num="102" count="40" type="stmt"/>
        <line num="103" count="40" type="stmt"/>
        <line num="106" count="40" type="stmt"/>
        <line num="107" count="40" type="stmt"/>
        <line num="108" count="40" type="stmt"/>
        <line num="130" count="1" type="stmt"/>
        <line num="136" count="40" type="stmt"/>
        <line num="138" count="40" type="stmt"/>
        <line num="144" count="40" type="stmt"/>
        <line num="155" count="1" type="stmt"/>
        <line num="156" count="44" type="stmt"/>
        <line num="162" count="1" type="stmt"/>
        <line num="171" count="1" type="stmt"/>
        <line num="175" count="48" type="stmt"/>
        <line num="178" count="48" type="stmt"/>
        <line num="183" count="48" type="stmt"/>
        <line num="184" count="48" type="stmt"/>
        <line num="195" count="48" type="stmt"/>
        <line num="197" count="48" type="stmt"/>
        <line num="199" count="44" type="stmt"/>
        <line num="209" count="48" type="stmt"/>
        <line num="210" count="40" type="cond" truecount="4" falsecount="0"/>
        <line num="211" count="37" type="cond" truecount="2" falsecount="0"/>
        <line num="212" count="34" type="cond" truecount="2" falsecount="0"/>
        <line num="213" count="3" type="stmt"/>
        <line num="214" count="3" type="cond" truecount="1" falsecount="1"/>
        <line num="216" count="31" type="cond" truecount="6" falsecount="0"/>
        <line num="217" count="3" type="stmt"/>
        <line num="220" count="28" type="cond" truecount="10" falsecount="2"/>
        <line num="221" count="2" type="cond" truecount="3" falsecount="1"/>
        <line num="224" count="26" type="cond" truecount="7" falsecount="3"/>
        <line num="225" count="26" type="cond" truecount="6" falsecount="2"/>
        <line num="228" count="3" type="stmt"/>
        <line num="232" count="48" type="stmt"/>
        <line num="234" count="16" type="stmt"/>
        <line num="235" count="16" type="stmt"/>
        <line num="236" count="16" type="cond" truecount="1" falsecount="1"/>
        <line num="237" count="16" type="cond" truecount="5" falsecount="1"/>
        <line num="238" count="16" type="cond" truecount="2" falsecount="0"/>
        <line num="253" count="48" type="stmt"/>
        <line num="255" count="15" type="cond" truecount="3" falsecount="1"/>
        <line num="256" count="15" type="stmt"/>
        <line num="262" count="15" type="stmt"/>
        <line num="263" count="15" type="cond" truecount="2" falsecount="0"/>
        <line num="269" count="48" type="stmt"/>
        <line num="270" count="3" type="cond" truecount="4" falsecount="1"/>
        <line num="271" count="3" type="stmt"/>
        <line num="272" count="3" type="stmt"/>
        <line num="276" count="3" type="stmt"/>
        <line num="282" count="3" type="stmt"/>
        <line num="283" count="3" type="cond" truecount="2" falsecount="0"/>
        <line num="288" count="48" type="stmt"/>
        <line num="289" count="6" type="cond" truecount="4" falsecount="1"/>
        <line num="290" count="6" type="cond" truecount="2" falsecount="0"/>
        <line num="299" count="6" type="stmt"/>
        <line num="300" count="6" type="stmt"/>
        <line num="305" count="48" type="stmt"/>
        <line num="307" count="28" type="cond" truecount="2" falsecount="0"/>
        <line num="308" count="14" type="cond" truecount="1" falsecount="1"/>
        <line num="309" count="14" type="stmt"/>
        <line num="310" count="14" type="stmt"/>
        <line num="320" count="48" type="stmt"/>
        <line num="321" count="14" type="stmt"/>
        <line num="322" count="14" type="cond" truecount="1" falsecount="1"/>
        <line num="326" count="48" type="stmt"/>
      </file>
      <file name="util.ts" path="/Users/david/Documents/workspace/react-move-hook/src/util.ts">
        <metrics statements="9" coveredstatements="9" conditionals="15" coveredconditionals="12" methods="5" coveredmethods="5"/>
        <line num="1" count="2" type="stmt"/>
        <line num="4" count="128" type="cond" truecount="2" falsecount="0"/>
        <line num="23" count="2" type="stmt"/>
        <line num="32" count="2" type="stmt"/>
        <line num="33" count="128" type="stmt"/>
        <line num="44" count="2" type="stmt"/>
        <line num="45" count="44" type="cond" truecount="1" falsecount="1"/>
        <line num="46" count="44" type="stmt"/>
        <line num="62" count="52" type="stmt"/>
      </file>
    </package>
    <package name="src.stories">
      <metrics statements="66" coveredstatements="60" conditionals="26" coveredconditionals="21" methods="14" coveredmethods="13"/>
      <file name="useMovable.stories.tsx" path="/Users/david/Documents/workspace/react-move-hook/src/stories/useMovable.stories.tsx">
        <metrics statements="66" coveredstatements="60" conditionals="26" coveredconditionals="21" methods="14" coveredmethods="13"/>
        <line num="1" count="1" type="stmt"/>
        <line num="11" count="1" type="stmt"/>
        <line num="12" count="1" type="stmt"/>
        <line num="13" count="1" type="stmt"/>
        <line num="15" count="1" type="stmt"/>
        <line num="24" count="1" type="stmt"/>
        <line num="28" count="1" type="stmt"/>
        <line num="29" count="48" type="cond" truecount="1" falsecount="0"/>
        <line num="30" count="48" type="stmt"/>
        <line num="43" count="48" type="stmt"/>
        <line num="47" count="1" type="stmt"/>
        <line num="48" count="3" type="cond" truecount="1" falsecount="0"/>
        <line num="49" count="3" type="stmt"/>
        <line num="59" count="3" type="stmt"/>
        <line num="67" count="1" type="stmt"/>
        <line num="68" count="48" type="stmt"/>
        <line num="69" count="48" type="stmt"/>
        <line num="71" count="48" type="stmt"/>
        <line num="72" count="48" type="stmt"/>
        <line num="78" count="48" type="stmt"/>
        <line num="79" count="16" type="stmt"/>
        <line num="82" count="48" type="stmt"/>
        <line num="83" count="6" type="stmt"/>
        <line num="84" count="6" type="cond" truecount="2" falsecount="0"/>
        <line num="85" count="6" type="stmt"/>
        <line num="86" count="6" type="stmt"/>
        <line num="95" count="48" type="stmt"/>
        <line num="96" count="18" type="stmt"/>
        <line num="99" count="48" type="stmt"/>
        <line num="108" count="48" type="stmt"/>
        <line num="135" count="1" type="stmt"/>
        <line num="136" count="1" type="stmt"/>
        <line num="137" count="1" type="stmt"/>
        <line num="140" count="1" type="stmt"/>
        <line num="141" count="1" type="stmt"/>
        <line num="143" count="0" type="stmt"/>
        <line num="144" count="0" type="stmt"/>
        <line num="161" count="1" type="stmt"/>
        <line num="162" count="1" type="stmt"/>
        <line num="166" count="1" type="stmt"/>
        <line num="167" count="2" type="stmt"/>
        <line num="169" count="2" type="stmt"/>
        <line num="171" count="1" type="cond" truecount="3" falsecount="1"/>
        <line num="172" count="1" type="stmt"/>
        <line num="173" count="3" type="cond" truecount="1" falsecount="1"/>
        <line num="174" count="3" type="stmt"/>
        <line num="175" count="3" type="stmt"/>
        <line num="176" count="3" type="stmt"/>
        <line num="178" count="0" type="stmt"/>
        <line num="179" count="0" type="stmt"/>
        <line num="181" count="2" type="stmt"/>
        <line num="182" count="2" type="stmt"/>
        <line num="184" count="1" type="stmt"/>
        <line num="185" count="1" type="stmt"/>
        <line num="187" count="0" type="stmt"/>
        <line num="188" count="0" type="stmt"/>
        <line num="190" count="3" type="stmt"/>
        <line num="192" count="1" type="stmt"/>
        <line num="195" count="1" type="cond" truecount="3" falsecount="1"/>
        <line num="196" count="1" type="stmt"/>
        <line num="197" count="1" type="stmt"/>
        <line num="198" count="1" type="stmt"/>
        <line num="203" count="1" type="stmt"/>
        <line num="204" count="1" type="stmt"/>
        <line num="208" count="1" type="stmt"/>
        <line num="209" count="1" type="stmt"/>
      </file>
    </package>
  </project>
</coverage>
