<?xml version="1.0" encoding="UTF-8"?>
<coverage generated="1615327938344" clover="3.2.0">
  <project timestamp="1615327938344" name="All files">
    <metrics statements="198" coveredstatements="192" conditionals="178" coveredconditionals="142" methods="48" coveredmethods="47" elements="424" coveredelements="381" complexity="0" loc="198" ncloc="198" packages="2" files="4" classes="4"/>
    <package name="src">
      <metrics statements="132" coveredstatements="132" conditionals="152" coveredconditionals="122" methods="34" coveredmethods="34"/>
      <file name="connector.ts" path="/Users/david/Documents/workspace/react-move-hook/packages/react-move-hook/src/connector.ts">
        <metrics statements="42" coveredstatements="42" conditionals="6" coveredconditionals="6" methods="16" coveredmethods="16"/>
        <line num="18" count="28" type="cond" truecount="2" falsecount="0"/>
        <line num="19" count="5" type="stmt"/>
        <line num="21" count="23" type="stmt"/>
        <line num="24" count="1" type="stmt"/>
        <line num="25" count="28" type="cond" truecount="2" falsecount="0"/>
        <line num="26" count="5" type="stmt"/>
        <line num="31" count="23" type="stmt"/>
        <line num="34" count="1" type="stmt"/>
        <line num="39" count="1" type="cond" truecount="1" falsecount="0"/>
        <line num="40" count="1" type="stmt"/>
        <line num="42" count="1" type="stmt"/>
        <line num="44" count="13" type="stmt"/>
        <line num="46" count="13" type="stmt"/>
        <line num="47" count="3" type="stmt"/>
        <line num="49" count="13" type="stmt"/>
        <line num="50" count="2" type="stmt"/>
        <line num="52" count="13" type="stmt"/>
        <line num="53" count="1" type="stmt"/>
        <line num="56" count="13" type="stmt"/>
        <line num="57" count="13" type="stmt"/>
        <line num="58" count="13" type="stmt"/>
        <line num="61" count="13" type="stmt"/>
        <line num="62" count="13" type="stmt"/>
        <line num="63" count="13" type="stmt"/>
        <line num="64" count="13" type="stmt"/>
        <line num="69" count="1" type="cond" truecount="1" falsecount="0"/>
        <line num="70" count="2" type="stmt"/>
        <line num="71" count="2" type="stmt"/>
        <line num="73" count="13" type="stmt"/>
        <line num="75" count="13" type="stmt"/>
        <line num="76" count="10" type="stmt"/>
        <line num="78" count="13" type="stmt"/>
        <line num="79" count="13" type="stmt"/>
        <line num="81" count="13" type="stmt"/>
        <line num="82" count="2" type="stmt"/>
        <line num="85" count="13" type="stmt"/>
        <line num="86" count="13" type="stmt"/>
        <line num="87" count="13" type="stmt"/>
        <line num="90" count="13" type="stmt"/>
        <line num="91" count="13" type="stmt"/>
        <line num="92" count="13" type="stmt"/>
        <line num="93" count="13" type="stmt"/>
      </file>
      <file name="useMovable.ts" path="/Users/david/Documents/workspace/react-move-hook/packages/react-move-hook/src/useMovable.ts">
        <metrics statements="81" coveredstatements="81" conditionals="131" coveredconditionals="104" methods="13" coveredmethods="13"/>
        <line num="1" count="1" type="stmt"/>
        <line num="2" count="1" type="stmt"/>
        <line num="3" count="1" type="stmt"/>
        <line num="85" count="1" type="stmt"/>
        <line num="92" count="40" type="cond" truecount="1" falsecount="1"/>
        <line num="98" count="40" type="stmt"/>
        <line num="104" count="40" type="stmt"/>
        <line num="110" count="40" type="cond" truecount="2" falsecount="0"/>
        <line num="112" count="40" type="cond" truecount="2" falsecount="0"/>
        <line num="114" count="40" type="stmt"/>
        <line num="115" count="40" type="stmt"/>
        <line num="118" count="40" type="stmt"/>
        <line num="119" count="40" type="stmt"/>
        <line num="120" count="40" type="stmt"/>
        <line num="143" count="1" type="stmt"/>
        <line num="150" count="40" type="stmt"/>
        <line num="152" count="40" type="stmt"/>
        <line num="157" count="40" type="stmt"/>
        <line num="163" count="40" type="stmt"/>
        <line num="176" count="1" type="stmt"/>
        <line num="177" count="44" type="stmt"/>
        <line num="183" count="1" type="stmt"/>
        <line num="192" count="1" type="stmt"/>
        <line num="196" count="48" type="stmt"/>
        <line num="199" count="48" type="stmt"/>
        <line num="204" count="48" type="stmt"/>
        <line num="205" count="48" type="stmt"/>
        <line num="206" count="48" type="stmt"/>
        <line num="218" count="48" type="stmt"/>
        <line num="220" count="48" type="stmt"/>
        <line num="222" count="44" type="stmt"/>
        <line num="232" count="48" type="stmt"/>
        <line num="233" count="40" type="cond" truecount="4" falsecount="0"/>
        <line num="234" count="37" type="cond" truecount="2" falsecount="0"/>
        <line num="235" count="34" type="cond" truecount="2" falsecount="0"/>
        <line num="236" count="3" type="stmt"/>
        <line num="237" count="3" type="cond" truecount="1" falsecount="1"/>
        <line num="239" count="31" type="cond" truecount="6" falsecount="0"/>
        <line num="240" count="3" type="stmt"/>
        <line num="243" count="28" type="cond" truecount="10" falsecount="2"/>
        <line num="244" count="2" type="cond" truecount="3" falsecount="1"/>
        <line num="247" count="26" type="cond" truecount="7" falsecount="3"/>
        <line num="248" count="26" type="cond" truecount="6" falsecount="2"/>
        <line num="251" count="3" type="stmt"/>
        <line num="255" count="48" type="stmt"/>
        <line num="257" count="16" type="stmt"/>
        <line num="258" count="16" type="stmt"/>
        <line num="259" count="16" type="cond" truecount="1" falsecount="1"/>
        <line num="260" count="16" type="cond" truecount="5" falsecount="1"/>
        <line num="261" count="16" type="cond" truecount="1" falsecount="1"/>
        <line num="262" count="16" type="stmt"/>
        <line num="278" count="48" type="stmt"/>
        <line num="280" count="15" type="stmt"/>
        <line num="284" count="15" type="cond" truecount="3" falsecount="1"/>
        <line num="285" count="15" type="stmt"/>
        <line num="292" count="15" type="stmt"/>
        <line num="293" count="15" type="cond" truecount="1" falsecount="1"/>
        <line num="299" count="48" type="stmt"/>
        <line num="300" count="3" type="cond" truecount="1" falsecount="1"/>
        <line num="305" count="3" type="stmt"/>
        <line num="306" count="3" type="stmt"/>
        <line num="310" count="3" type="stmt"/>
        <line num="317" count="3" type="stmt"/>
        <line num="318" count="3" type="cond" truecount="1" falsecount="1"/>
        <line num="323" count="48" type="stmt"/>
        <line num="324" count="6" type="cond" truecount="1" falsecount="1"/>
        <line num="329" count="6" type="stmt"/>
        <line num="336" count="6" type="stmt"/>
        <line num="337" count="6" type="cond" truecount="1" falsecount="1"/>
        <line num="338" count="6" type="stmt"/>
        <line num="340" count="6" type="stmt"/>
        <line num="341" count="6" type="stmt"/>
        <line num="346" count="48" type="stmt"/>
        <line num="348" count="28" type="cond" truecount="2" falsecount="0"/>
        <line num="349" count="14" type="cond" truecount="1" falsecount="1"/>
        <line num="350" count="14" type="stmt"/>
        <line num="351" count="14" type="stmt"/>
        <line num="361" count="48" type="stmt"/>
        <line num="362" count="14" type="stmt"/>
        <line num="363" count="14" type="cond" truecount="1" falsecount="1"/>
        <line num="367" count="48" type="stmt"/>
      </file>
      <file name="util.ts" path="/Users/david/Documents/workspace/react-move-hook/packages/react-move-hook/src/util.ts">
        <metrics statements="9" coveredstatements="9" conditionals="15" coveredconditionals="12" methods="5" coveredmethods="5"/>
        <line num="1" count="2" type="stmt"/>
        <line num="4" count="128" type="cond" truecount="2" falsecount="0"/>
        <line num="23" count="2" type="stmt"/>
        <line num="32" count="2" type="stmt"/>
        <line num="33" count="128" type="stmt"/>
        <line num="44" count="2" type="stmt"/>
        <line num="45" count="44" type="cond" truecount="1" falsecount="1"/>
        <line num="46" count="44" type="stmt"/>
        <line num="62" count="49" type="stmt"/>
      </file>
    </package>
    <package name="src.stories">
      <metrics statements="66" coveredstatements="60" conditionals="26" coveredconditionals="20" methods="14" coveredmethods="13"/>
      <file name="useMovable.stories.tsx" path="/Users/david/Documents/workspace/react-move-hook/packages/react-move-hook/src/stories/useMovable.stories.tsx">
        <metrics statements="66" coveredstatements="60" conditionals="26" coveredconditionals="20" methods="14" coveredmethods="13"/>
        <line num="1" count="1" type="stmt"/>
        <line num="11" count="1" type="stmt"/>
        <line num="12" count="1" type="stmt"/>
        <line num="13" count="1" type="stmt"/>
        <line num="15" count="1" type="stmt"/>
        <line num="24" count="1" type="stmt"/>
        <line num="28" count="1" type="stmt"/>
        <line num="29" count="48" type="cond" truecount="1" falsecount="0"/>
        <line num="30" count="48" type="stmt"/>
        <line num="43" count="48" type="stmt"/>
        <line num="47" count="1" type="stmt"/>
        <line num="48" count="3" type="stmt"/>
        <line num="49" count="3" type="stmt"/>
        <line num="59" count="3" type="stmt"/>
        <line num="67" count="1" type="stmt"/>
        <line num="68" count="48" type="stmt"/>
        <line num="69" count="48" type="stmt"/>
        <line num="71" count="48" type="stmt"/>
        <line num="72" count="48" type="stmt"/>
        <line num="78" count="48" type="stmt"/>
        <line num="79" count="16" type="stmt"/>
        <line num="82" count="48" type="stmt"/>
        <line num="83" count="6" type="stmt"/>
        <line num="84" count="6" type="cond" truecount="2" falsecount="0"/>
        <line num="85" count="6" type="stmt"/>
        <line num="86" count="6" type="stmt"/>
        <line num="95" count="48" type="stmt"/>
        <line num="96" count="18" type="stmt"/>
        <line num="99" count="48" type="stmt"/>
        <line num="108" count="48" type="stmt"/>
        <line num="135" count="1" type="stmt"/>
        <line num="136" count="1" type="stmt"/>
        <line num="137" count="1" type="stmt"/>
        <line num="140" count="1" type="stmt"/>
        <line num="141" count="1" type="stmt"/>
        <line num="143" count="0" type="stmt"/>
        <line num="144" count="0" type="stmt"/>
        <line num="161" count="1" type="stmt"/>
        <line num="162" count="1" type="stmt"/>
        <line num="166" count="1" type="stmt"/>
        <line num="167" count="2" type="stmt"/>
        <line num="169" count="2" type="stmt"/>
        <line num="171" count="1" type="cond" truecount="3" falsecount="1"/>
        <line num="172" count="1" type="stmt"/>
        <line num="173" count="3" type="cond" truecount="1" falsecount="1"/>
        <line num="174" count="3" type="stmt"/>
        <line num="175" count="3" type="stmt"/>
        <line num="176" count="3" type="stmt"/>
        <line num="178" count="0" type="stmt"/>
        <line num="179" count="0" type="stmt"/>
        <line num="181" count="2" type="stmt"/>
        <line num="182" count="2" type="stmt"/>
        <line num="184" count="1" type="stmt"/>
        <line num="185" count="1" type="stmt"/>
        <line num="187" count="0" type="stmt"/>
        <line num="188" count="0" type="stmt"/>
        <line num="191" count="3" type="stmt"/>
        <line num="193" count="1" type="stmt"/>
        <line num="196" count="1" type="cond" truecount="3" falsecount="1"/>
        <line num="197" count="1" type="stmt"/>
        <line num="198" count="1" type="stmt"/>
        <line num="199" count="1" type="stmt"/>
        <line num="204" count="1" type="stmt"/>
        <line num="205" count="1" type="stmt"/>
        <line num="209" count="1" type="stmt"/>
        <line num="210" count="1" type="stmt"/>
      </file>
    </package>
  </project>
</coverage>
