{"/Users/david/Documents/workspace/react-move-hook/src/connector.ts": {"path":"/Users/david/Documents/workspace/react-move-hook/src/connector.ts","statementMap":{"0":{"start":{"line":18,"column":2},"end":{"line":20,"column":null}},"1":{"start":{"line":19,"column":4},"end":{"line":19,"column":16}},"2":{"start":{"line":21,"column":2},"end":{"line":21,"column":15}},"3":{"start":{"line":24,"column":22},"end":{"line":32,"column":1}},"4":{"start":{"line":25,"column":2},"end":{"line":30,"column":null}},"5":{"start":{"line":26,"column":4},"end":{"line":29,"column":6}},"6":{"start":{"line":31,"column":2},"end":{"line":31,"column":40}},"7":{"start":{"line":34,"column":41},"end":{"line":37,"column":2}},"8":{"start":{"line":39,"column":25},"end":{"line":67,"column":1}},"9":{"start":{"line":40,"column":20},"end":{"line":40,"column":64}},"10":{"start":{"line":42,"column":2},"end":{"line":66,"column":4}},"11":{"start":{"line":44,"column":6},"end":{"line":44,"column":37}},"12":{"start":{"line":46,"column":6},"end":{"line":48,"column":8}},"13":{"start":{"line":47,"column":8},"end":{"line":47,"column":44}},"14":{"start":{"line":49,"column":6},"end":{"line":51,"column":8}},"15":{"start":{"line":50,"column":8},"end":{"line":50,"column":41}},"16":{"start":{"line":52,"column":6},"end":{"line":54,"column":8}},"17":{"start":{"line":53,"column":8},"end":{"line":53,"column":26}},"18":{"start":{"line":56,"column":6},"end":{"line":56,"column":69}},"19":{"start":{"line":57,"column":6},"end":{"line":57,"column":67}},"20":{"start":{"line":58,"column":6},"end":{"line":58,"column":69}},"21":{"start":{"line":61,"column":6},"end":{"line":61,"column":31}},"22":{"start":{"line":62,"column":6},"end":{"line":62,"column":72}},"23":{"start":{"line":63,"column":6},"end":{"line":63,"column":70}},"24":{"start":{"line":64,"column":6},"end":{"line":64,"column":72}},"25":{"start":{"line":39,"column":13},"end":{"line":39,"column":25}},"26":{"start":{"line":69,"column":25},"end":{"line":96,"column":1}},"27":{"start":{"line":70,"column":20},"end":{"line":70,"column":64}},"28":{"start":{"line":71,"column":2},"end":{"line":95,"column":4}},"29":{"start":{"line":73,"column":6},"end":{"line":73,"column":37}},"30":{"start":{"line":75,"column":6},"end":{"line":77,"column":8}},"31":{"start":{"line":76,"column":8},"end":{"line":76,"column":44}},"32":{"start":{"line":78,"column":6},"end":{"line":80,"column":8}},"33":{"start":{"line":79,"column":8},"end":{"line":79,"column":41}},"34":{"start":{"line":81,"column":6},"end":{"line":83,"column":8}},"35":{"start":{"line":82,"column":8},"end":{"line":82,"column":26}},"36":{"start":{"line":85,"column":6},"end":{"line":85,"column":68}},"37":{"start":{"line":86,"column":6},"end":{"line":86,"column":67}},"38":{"start":{"line":87,"column":6},"end":{"line":87,"column":68}},"39":{"start":{"line":90,"column":6},"end":{"line":90,"column":31}},"40":{"start":{"line":91,"column":6},"end":{"line":91,"column":71}},"41":{"start":{"line":92,"column":6},"end":{"line":92,"column":70}},"42":{"start":{"line":93,"column":6},"end":{"line":93,"column":71}},"43":{"start":{"line":69,"column":13},"end":{"line":69,"column":25}}},"fnMap":{"0":{"name":"isTouchEvent","decl":{"start":{"line":17,"column":9},"end":{"line":17,"column":21}},"loc":{"start":{"line":17,"column":34},"end":{"line":22,"column":1}}},"1":{"name":"(anonymous_1)","decl":{"start":{"line":24,"column":22},"end":{"line":24,"column":23}},"loc":{"start":{"line":24,"column":39},"end":{"line":32,"column":1}}},"2":{"name":"(anonymous_2)","decl":{"start":{"line":35,"column":11},"end":{"line":35,"column":14}},"loc":{"start":{"line":35,"column":16},"end":{"line":35,"column":19}}},"3":{"name":"(anonymous_3)","decl":{"start":{"line":36,"column":14},"end":{"line":36,"column":17}},"loc":{"start":{"line":36,"column":19},"end":{"line":36,"column":22}}},"4":{"name":"(anonymous_4)","decl":{"start":{"line":39,"column":25},"end":{"line":39,"column":26}},"loc":{"start":{"line":39,"column":74},"end":{"line":67,"column":1}}},"5":{"name":"(anonymous_5)","decl":{"start":{"line":43,"column":13},"end":{"line":43,"column":14}},"loc":{"start":{"line":43,"column":29},"end":{"line":59,"column":5}}},"6":{"name":"(anonymous_6)","decl":{"start":{"line":46,"column":36},"end":{"line":46,"column":37}},"loc":{"start":{"line":46,"column":53},"end":{"line":48,"column":7}}},"7":{"name":"(anonymous_7)","decl":{"start":{"line":49,"column":31},"end":{"line":49,"column":32}},"loc":{"start":{"line":49,"column":48},"end":{"line":51,"column":7}}},"8":{"name":"(anonymous_8)","decl":{"start":{"line":52,"column":34},"end":{"line":52,"column":35}},"loc":{"start":{"line":52,"column":51},"end":{"line":54,"column":7}}},"9":{"name":"(anonymous_9)","decl":{"start":{"line":60,"column":16},"end":{"line":60,"column":17}},"loc":{"start":{"line":60,"column":23},"end":{"line":65,"column":5}}},"10":{"name":"(anonymous_10)","decl":{"start":{"line":69,"column":25},"end":{"line":69,"column":26}},"loc":{"start":{"line":69,"column":74},"end":{"line":96,"column":1}}},"11":{"name":"(anonymous_11)","decl":{"start":{"line":72,"column":13},"end":{"line":72,"column":14}},"loc":{"start":{"line":72,"column":29},"end":{"line":88,"column":5}}},"12":{"name":"(anonymous_12)","decl":{"start":{"line":75,"column":36},"end":{"line":75,"column":37}},"loc":{"start":{"line":75,"column":53},"end":{"line":77,"column":7}}},"13":{"name":"(anonymous_13)","decl":{"start":{"line":78,"column":31},"end":{"line":78,"column":32}},"loc":{"start":{"line":78,"column":48},"end":{"line":80,"column":7}}},"14":{"name":"(anonymous_14)","decl":{"start":{"line":81,"column":34},"end":{"line":81,"column":35}},"loc":{"start":{"line":81,"column":51},"end":{"line":83,"column":7}}},"15":{"name":"(anonymous_15)","decl":{"start":{"line":89,"column":16},"end":{"line":89,"column":17}},"loc":{"start":{"line":89,"column":23},"end":{"line":94,"column":5}}}},"branchMap":{"0":{"loc":{"start":{"line":18,"column":2},"end":{"line":20,"column":null}},"type":"if","locations":[{"start":{"line":18,"column":2},"end":{"line":20,"column":null}},{"start":{"line":18,"column":2},"end":{"line":20,"column":null}}]},"1":{"loc":{"start":{"line":25,"column":2},"end":{"line":30,"column":null}},"type":"if","locations":[{"start":{"line":25,"column":2},"end":{"line":30,"column":null}},{"start":{"line":25,"column":2},"end":{"line":30,"column":null}}]},"2":{"loc":{"start":{"line":39,"column":38},"end":{"line":39,"column":52}},"type":"default-arg","locations":[{"start":{"line":39,"column":38},"end":{"line":39,"column":52}}]},"3":{"loc":{"start":{"line":69,"column":38},"end":{"line":69,"column":52}},"type":"default-arg","locations":[{"start":{"line":69,"column":38},"end":{"line":69,"column":52}}]}},"s":{"0":28,"1":5,"2":23,"3":1,"4":28,"5":5,"6":23,"7":1,"8":1,"9":1,"10":1,"11":13,"12":13,"13":3,"14":13,"15":2,"16":13,"17":1,"18":13,"19":13,"20":13,"21":13,"22":13,"23":13,"24":13,"25":1,"26":1,"27":2,"28":2,"29":13,"30":13,"31":10,"32":13,"33":13,"34":13,"35":2,"36":13,"37":13,"38":13,"39":13,"40":13,"41":13,"42":13,"43":1},"f":{"0":28,"1":28,"2":13,"3":13,"4":1,"5":13,"6":3,"7":2,"8":1,"9":13,"10":2,"11":13,"12":10,"13":13,"14":2,"15":13},"b":{"0":[5,23],"1":[5,23],"2":[1],"3":[1]}}
,"/Users/david/Documents/workspace/react-move-hook/src/useMovable.ts": {"path":"/Users/david/Documents/workspace/react-move-hook/src/useMovable.ts","statementMap":{"0":{"start":{"line":1,"column":0},"end":{"line":1,"column":62}},"1":{"start":{"line":2,"column":0},"end":{"line":2,"column":69}},"2":{"start":{"line":3,"column":0},"end":{"line":3,"column":null}},"3":{"start":{"line":73,"column":18},"end":{"line":109,"column":1}},"4":{"start":{"line":80,"column":20},"end":{"line":80,"column":47}},"5":{"start":{"line":86,"column":15},"end":{"line":90,"column":14}},"6":{"start":{"line":92,"column":15},"end":{"line":96,"column":14}},"7":{"start":{"line":98,"column":15},"end":{"line":98,"column":77}},"8":{"start":{"line":100,"column":15},"end":{"line":100,"column":75}},"9":{"start":{"line":102,"column":12},"end":{"line":102,"column":54}},"10":{"start":{"line":103,"column":12},"end":{"line":103,"column":54}},"11":{"start":{"line":106,"column":16},"end":{"line":106,"column":28}},"12":{"start":{"line":107,"column":16},"end":{"line":107,"column":28}},"13":{"start":{"line":108,"column":2},"end":{"line":108,"column":32}},"14":{"start":{"line":130,"column":17},"end":{"line":149,"column":1}},"15":{"start":{"line":136,"column":16},"end":{"line":136,"column":64}},"16":{"start":{"line":138,"column":12},"end":{"line":141,"column":null}},"17":{"start":{"line":144,"column":2},"end":{"line":148,"column":4}},"18":{"start":{"line":155,"column":23},"end":{"line":157,"column":1}},"19":{"start":{"line":156,"column":2},"end":{"line":156,"column":35}},"20":{"start":{"line":162,"column":25},"end":{"line":162,"column":47}},"21":{"start":{"line":171,"column":26},"end":{"line":327,"column":1}},"22":{"start":{"line":175,"column":14},"end":{"line":175,"column":35}},"23":{"start":{"line":178,"column":17},"end":{"line":178,"column":37}},"24":{"start":{"line":183,"column":31},"end":{"line":183,"column":53}},"25":{"start":{"line":184,"column":19},"end":{"line":184,"column":39}},"26":{"start":{"line":195,"column":6},"end":{"line":195,"column":11}},"27":{"start":{"line":197,"column":18},"end":{"line":201,"column":null}},"28":{"start":{"line":199,"column":6},"end":{"line":199,"column":45}},"29":{"start":{"line":209,"column":17},"end":{"line":229,"column":47}},"30":{"start":{"line":210,"column":4},"end":{"line":227,"column":null}},"31":{"start":{"line":211,"column":6},"end":{"line":211,"column":56}},"32":{"start":{"line":211,"column":38},"end":{"line":211,"column":56}},"33":{"start":{"line":212,"column":6},"end":{"line":215,"column":null}},"34":{"start":{"line":213,"column":23},"end":{"line":213,"column":35}},"35":{"start":{"line":214,"column":8},"end":{"line":214,"column":59}},"36":{"start":{"line":216,"column":6},"end":{"line":218,"column":null}},"37":{"start":{"line":217,"column":8},"end":{"line":217,"column":58}},"38":{"start":{"line":220,"column":6},"end":{"line":222,"column":null}},"39":{"start":{"line":221,"column":8},"end":{"line":221,"column":55}},"40":{"start":{"line":224,"column":6},"end":{"line":226,"column":null}},"41":{"start":{"line":225,"column":8},"end":{"line":225,"column":52}},"42":{"start":{"line":228,"column":4},"end":{"line":228,"column":21}},"43":{"start":{"line":232,"column":20},"end":{"line":249,"column":null}},"44":{"start":{"line":234,"column":6},"end":{"line":234,"column":26}},"45":{"start":{"line":235,"column":6},"end":{"line":235,"column":28}},"46":{"start":{"line":236,"column":6},"end":{"line":247,"column":null}},"47":{"start":{"line":237,"column":8},"end":{"line":237,"column":80}},"48":{"start":{"line":238,"column":8},"end":{"line":246,"column":12}},"49":{"start":{"line":253,"column":17},"end":{"line":266,"column":null}},"50":{"start":{"line":255,"column":6},"end":{"line":264,"column":null}},"51":{"start":{"line":256,"column":25},"end":{"line":261,"column":10}},"52":{"start":{"line":262,"column":8},"end":{"line":262,"column":36}},"53":{"start":{"line":263,"column":8},"end":{"line":263,"column":35}},"54":{"start":{"line":269,"column":15},"end":{"line":285,"column":8}},"55":{"start":{"line":270,"column":4},"end":{"line":284,"column":null}},"56":{"start":{"line":271,"column":19},"end":{"line":271,"column":35}},"57":{"start":{"line":272,"column":23},"end":{"line":275,"column":8}},"58":{"start":{"line":276,"column":23},"end":{"line":281,"column":8}},"59":{"start":{"line":282,"column":6},"end":{"line":282,"column":40}},"60":{"start":{"line":283,"column":6},"end":{"line":283,"column":33}},"61":{"start":{"line":288,"column":18},"end":{"line":302,"column":25}},"62":{"start":{"line":289,"column":4},"end":{"line":301,"column":null}},"63":{"start":{"line":290,"column":6},"end":{"line":298,"column":10}},"64":{"start":{"line":299,"column":6},"end":{"line":299,"column":35}},"65":{"start":{"line":300,"column":6},"end":{"line":300,"column":33}},"66":{"start":{"line":305,"column":19},"end":{"line":317,"column":null}},"67":{"start":{"line":307,"column":6},"end":{"line":307,"column":24}},"68":{"start":{"line":307,"column":17},"end":{"line":307,"column":24}},"69":{"start":{"line":308,"column":6},"end":{"line":308,"column":57}},"70":{"start":{"line":308,"column":23},"end":{"line":308,"column":57}},"71":{"start":{"line":309,"column":6},"end":{"line":309,"column":25}},"72":{"start":{"line":310,"column":6},"end":{"line":315,"column":9}},"73":{"start":{"line":320,"column":2},"end":{"line":324,"column":9}},"74":{"start":{"line":321,"column":4},"end":{"line":323,"column":6}},"75":{"start":{"line":322,"column":6},"end":{"line":322,"column":57}},"76":{"start":{"line":322,"column":23},"end":{"line":322,"column":57}},"77":{"start":{"line":326,"column":2},"end":{"line":326,"column":18}},"78":{"start":{"line":171,"column":13},"end":{"line":171,"column":26}}},"fnMap":{"0":{"name":"(anonymous_0)","decl":{"start":{"line":73,"column":18},"end":{"line":73,"column":null}},"loc":{"start":{"line":78,"column":16},"end":{"line":109,"column":1}}},"1":{"name":"(anonymous_1)","decl":{"start":{"line":130,"column":17},"end":{"line":130,"column":18}},"loc":{"start":{"line":135,"column":29},"end":{"line":149,"column":1}}},"2":{"name":"(anonymous_2)","decl":{"start":{"line":155,"column":23},"end":{"line":155,"column":24}},"loc":{"start":{"line":155,"column":42},"end":{"line":157,"column":1}}},"3":{"name":"(anonymous_3)","decl":{"start":{"line":171,"column":26},"end":{"line":171,"column":27}},"loc":{"start":{"line":171,"column":53},"end":{"line":327,"column":1}}},"4":{"name":"(anonymous_4)","decl":{"start":{"line":198,"column":4},"end":{"line":198,"column":5}},"loc":{"start":{"line":198,"column":24},"end":{"line":200,"column":5}}},"5":{"name":"(anonymous_5)","decl":{"start":{"line":209,"column":29},"end":{"line":209,"column":58}},"loc":{"start":{"line":209,"column":60},"end":{"line":229,"column":3}}},"6":{"name":"(anonymous_6)","decl":{"start":{"line":233,"column":4},"end":{"line":233,"column":5}},"loc":{"start":{"line":233,"column":43},"end":{"line":248,"column":5}}},"7":{"name":"(anonymous_7)","decl":{"start":{"line":254,"column":4},"end":{"line":254,"column":5}},"loc":{"start":{"line":254,"column":29},"end":{"line":265,"column":5}}},"8":{"name":"(anonymous_8)","decl":{"start":{"line":269,"column":27},"end":{"line":269,"column":28}},"loc":{"start":{"line":269,"column":61},"end":{"line":285,"column":3}}},"9":{"name":"(anonymous_9)","decl":{"start":{"line":288,"column":30},"end":{"line":288,"column":33}},"loc":{"start":{"line":288,"column":35},"end":{"line":302,"column":3}}},"10":{"name":"(anonymous_10)","decl":{"start":{"line":306,"column":4},"end":{"line":306,"column":5}},"loc":{"start":{"line":306,"column":33},"end":{"line":316,"column":5}}},"11":{"name":"(anonymous_11)","decl":{"start":{"line":320,"column":12},"end":{"line":320,"column":15}},"loc":{"start":{"line":320,"column":17},"end":{"line":324,"column":3}}},"12":{"name":"(anonymous_12)","decl":{"start":{"line":321,"column":11},"end":{"line":321,"column":14}},"loc":{"start":{"line":321,"column":16},"end":{"line":323,"column":5}}}},"branchMap":{"0":{"loc":{"start":{"line":80,"column":20},"end":{"line":80,"column":24}},"type":"binary-expr","locations":[{"start":{"line":80,"column":20},"end":{"line":80,"column":24}},{"start":{"line":80,"column":28},"end":{"line":80,"column":47}}]},"1":{"loc":{"start":{"line":87,"column":6},"end":{"line":89,"column":53}},"type":"cond-expr","locations":[{"start":{"line":87,"column":6},"end":{"line":89,"column":53}},{"start":{"line":90,"column":6},"end":{"line":90,"column":14}}]},"2":{"loc":{"start":{"line":93,"column":6},"end":{"line":95,"column":53}},"type":"cond-expr","locations":[{"start":{"line":93,"column":6},"end":{"line":95,"column":53}},{"start":{"line":96,"column":6},"end":{"line":96,"column":14}}]},"3":{"loc":{"start":{"line":98,"column":24},"end":{"line":98,"column":65}},"type":"cond-expr","locations":[{"start":{"line":98,"column":24},"end":{"line":98,"column":65}},{"start":{"line":98,"column":68},"end":{"line":98,"column":77}}]},"4":{"loc":{"start":{"line":100,"column":24},"end":{"line":100,"column":63}},"type":"cond-expr","locations":[{"start":{"line":100,"column":24},"end":{"line":100,"column":63}},{"start":{"line":100,"column":66},"end":{"line":100,"column":75}}]},"5":{"loc":{"start":{"line":188,"column":16},"end":{"line":188,"column":32}},"type":"default-arg","locations":[{"start":{"line":188,"column":16},"end":{"line":188,"column":32}}]},"6":{"loc":{"start":{"line":189,"column":27},"end":{"line":189,"column":41}},"type":"default-arg","locations":[{"start":{"line":189,"column":27},"end":{"line":189,"column":41}}]},"7":{"loc":{"start":{"line":210,"column":4},"end":{"line":227,"column":null}},"type":"if","locations":[{"start":{"line":210,"column":4},"end":{"line":227,"column":null}},{"start":{"line":210,"column":4},"end":{"line":227,"column":null}}]},"8":{"loc":{"start":{"line":210,"column":8},"end":{"line":210,"column":18}},"type":"binary-expr","locations":[{"start":{"line":210,"column":8},"end":{"line":210,"column":18}},{"start":{"line":210,"column":22},"end":{"line":210,"column":32}}]},"9":{"loc":{"start":{"line":211,"column":6},"end":{"line":211,"column":56}},"type":"if","locations":[{"start":{"line":211,"column":6},"end":{"line":211,"column":56}},{"start":{"line":211,"column":6},"end":{"line":211,"column":56}}]},"10":{"loc":{"start":{"line":212,"column":6},"end":{"line":215,"column":null}},"type":"if","locations":[{"start":{"line":212,"column":6},"end":{"line":215,"column":null}},{"start":{"line":212,"column":6},"end":{"line":215,"column":null}}]},"11":{"loc":{"start":{"line":214,"column":40},"end":{"line":214,"column":46}},"type":"cond-expr","locations":[{"start":{"line":214,"column":40},"end":{"line":214,"column":46}},{"start":{"line":214,"column":49},"end":{"line":214,"column":58}}]},"12":{"loc":{"start":{"line":216,"column":6},"end":{"line":218,"column":null}},"type":"if","locations":[{"start":{"line":216,"column":6},"end":{"line":218,"column":null}},{"start":{"line":216,"column":6},"end":{"line":218,"column":null}}]},"13":{"loc":{"start":{"line":216,"column":20},"end":{"line":216,"column":22}},"type":"cond-expr","locations":[{"start":{"line":216,"column":20},"end":{"line":216,"column":22}},{"start":{"line":216,"column":10},"end":{"line":216,"column":29}}]},"14":{"loc":{"start":{"line":216,"column":10},"end":{"line":216,"column":22}},"type":"binary-expr","locations":[{"start":{"line":216,"column":10},"end":{"line":216,"column":22}},{"start":{"line":216,"column":10},"end":{"line":216,"column":22}}]},"15":{"loc":{"start":{"line":220,"column":6},"end":{"line":222,"column":null}},"type":"if","locations":[{"start":{"line":220,"column":6},"end":{"line":222,"column":null}},{"start":{"line":220,"column":6},"end":{"line":222,"column":null}}]},"16":{"loc":{"start":{"line":220,"column":10},"end":{"line":220,"column":26}},"type":"binary-expr","locations":[{"start":{"line":220,"column":10},"end":{"line":220,"column":26}},{"start":{"line":220,"column":30},"end":{"line":220,"column":60}}]},"17":{"loc":{"start":{"line":220,"column":17},"end":{"line":220,"column":19}},"type":"cond-expr","locations":[{"start":{"line":220,"column":17},"end":{"line":220,"column":19}},{"start":{"line":220,"column":10},"end":{"line":220,"column":26}}]},"18":{"loc":{"start":{"line":220,"column":10},"end":{"line":220,"column":19}},"type":"binary-expr","locations":[{"start":{"line":220,"column":10},"end":{"line":220,"column":19}},{"start":{"line":220,"column":10},"end":{"line":220,"column":19}}]},"19":{"loc":{"start":{"line":220,"column":37},"end":{"line":220,"column":39}},"type":"cond-expr","locations":[{"start":{"line":220,"column":37},"end":{"line":220,"column":39}},{"start":{"line":220,"column":30},"end":{"line":220,"column":60}}]},"20":{"loc":{"start":{"line":220,"column":30},"end":{"line":220,"column":39}},"type":"binary-expr","locations":[{"start":{"line":220,"column":30},"end":{"line":220,"column":39}},{"start":{"line":220,"column":30},"end":{"line":220,"column":39}}]},"21":{"loc":{"start":{"line":221,"column":30},"end":{"line":221,"column":32}},"type":"cond-expr","locations":[{"start":{"line":221,"column":30},"end":{"line":221,"column":32}},{"start":{"line":221,"column":23},"end":{"line":221,"column":53}}]},"22":{"loc":{"start":{"line":221,"column":23},"end":{"line":221,"column":32}},"type":"binary-expr","locations":[{"start":{"line":221,"column":23},"end":{"line":221,"column":32}},{"start":{"line":221,"column":23},"end":{"line":221,"column":32}}]},"23":{"loc":{"start":{"line":224,"column":6},"end":{"line":226,"column":null}},"type":"if","locations":[{"start":{"line":224,"column":6},"end":{"line":226,"column":null}},{"start":{"line":224,"column":6},"end":{"line":226,"column":null}}]},"24":{"loc":{"start":{"line":224,"column":22},"end":{"line":224,"column":24}},"type":"cond-expr","locations":[{"start":{"line":224,"column":22},"end":{"line":224,"column":24}},{"start":{"line":224,"column":22},"end":{"line":224,"column":37}}]},"25":{"loc":{"start":{"line":224,"column":10},"end":{"line":224,"column":24}},"type":"binary-expr","locations":[{"start":{"line":224,"column":10},"end":{"line":224,"column":24}},{"start":{"line":224,"column":22},"end":{"line":224,"column":24}}]},"26":{"loc":{"start":{"line":224,"column":13},"end":{"line":224,"column":15}},"type":"cond-expr","locations":[{"start":{"line":224,"column":13},"end":{"line":224,"column":15}},{"start":{"line":224,"column":10},"end":{"line":224,"column":22}}]},"27":{"loc":{"start":{"line":224,"column":10},"end":{"line":224,"column":15}},"type":"binary-expr","locations":[{"start":{"line":224,"column":10},"end":{"line":224,"column":15}},{"start":{"line":224,"column":10},"end":{"line":224,"column":15}}]},"28":{"loc":{"start":{"line":225,"column":35},"end":{"line":225,"column":37}},"type":"cond-expr","locations":[{"start":{"line":225,"column":35},"end":{"line":225,"column":37}},{"start":{"line":225,"column":35},"end":{"line":225,"column":50}}]},"29":{"loc":{"start":{"line":225,"column":23},"end":{"line":225,"column":37}},"type":"binary-expr","locations":[{"start":{"line":225,"column":23},"end":{"line":225,"column":37}},{"start":{"line":225,"column":35},"end":{"line":225,"column":37}}]},"30":{"loc":{"start":{"line":225,"column":26},"end":{"line":225,"column":28}},"type":"cond-expr","locations":[{"start":{"line":225,"column":26},"end":{"line":225,"column":28}},{"start":{"line":225,"column":23},"end":{"line":225,"column":35}}]},"31":{"loc":{"start":{"line":225,"column":23},"end":{"line":225,"column":28}},"type":"binary-expr","locations":[{"start":{"line":225,"column":23},"end":{"line":225,"column":28}},{"start":{"line":225,"column":23},"end":{"line":225,"column":28}}]},"32":{"loc":{"start":{"line":233,"column":22},"end":{"line":233,"column":39}},"type":"default-arg","locations":[{"start":{"line":233,"column":22},"end":{"line":233,"column":39}}]},"33":{"loc":{"start":{"line":236,"column":6},"end":{"line":247,"column":null}},"type":"if","locations":[{"start":{"line":236,"column":6},"end":{"line":247,"column":null}},{"start":{"line":236,"column":6},"end":{"line":247,"column":null}}]},"34":{"loc":{"start":{"line":237,"column":47},"end":{"line":237,"column":63}},"type":"binary-expr","locations":[{"start":{"line":237,"column":47},"end":{"line":237,"column":63}},{"start":{"line":237,"column":67},"end":{"line":237,"column":78}}]},"35":{"loc":{"start":{"line":237,"column":54},"end":{"line":237,"column":56}},"type":"cond-expr","locations":[{"start":{"line":237,"column":54},"end":{"line":237,"column":56}},{"start":{"line":237,"column":47},"end":{"line":237,"column":63}}]},"36":{"loc":{"start":{"line":237,"column":47},"end":{"line":237,"column":56}},"type":"binary-expr","locations":[{"start":{"line":237,"column":47},"end":{"line":237,"column":56}},{"start":{"line":237,"column":47},"end":{"line":237,"column":56}}]},"37":{"loc":{"start":{"line":238,"column":8},"end":{"line":238,"column":19}},"type":"binary-expr","locations":[{"start":{"line":238,"column":8},"end":{"line":238,"column":19}},{"start":{"line":239,"column":10},"end":{"line":245,"column":null}}]},"38":{"loc":{"start":{"line":255,"column":6},"end":{"line":264,"column":null}},"type":"if","locations":[{"start":{"line":255,"column":6},"end":{"line":264,"column":null}},{"start":{"line":255,"column":6},"end":{"line":264,"column":null}}]},"39":{"loc":{"start":{"line":255,"column":10},"end":{"line":255,"column":24}},"type":"binary-expr","locations":[{"start":{"line":255,"column":10},"end":{"line":255,"column":24}},{"start":{"line":255,"column":28},"end":{"line":255,"column":56}}]},"40":{"loc":{"start":{"line":263,"column":8},"end":{"line":263,"column":14}},"type":"binary-expr","locations":[{"start":{"line":263,"column":8},"end":{"line":263,"column":14}},{"start":{"line":263,"column":18},"end":{"line":263,"column":34}}]},"41":{"loc":{"start":{"line":270,"column":4},"end":{"line":284,"column":null}},"type":"if","locations":[{"start":{"line":270,"column":4},"end":{"line":284,"column":null}},{"start":{"line":270,"column":4},"end":{"line":284,"column":null}}]},"42":{"loc":{"start":{"line":270,"column":8},"end":{"line":270,"column":22}},"type":"binary-expr","locations":[{"start":{"line":270,"column":8},"end":{"line":270,"column":22}},{"start":{"line":270,"column":26},"end":{"line":270,"column":54}},{"start":{"line":270,"column":58},"end":{"line":270,"column":74}}]},"43":{"loc":{"start":{"line":273,"column":21},"end":{"line":273,"column":31}},"type":"binary-expr","locations":[{"start":{"line":273,"column":21},"end":{"line":273,"column":31}},{"start":{"line":273,"column":35},"end":{"line":273,"column":36}}]},"44":{"loc":{"start":{"line":274,"column":21},"end":{"line":274,"column":31}},"type":"binary-expr","locations":[{"start":{"line":274,"column":21},"end":{"line":274,"column":31}},{"start":{"line":274,"column":35},"end":{"line":274,"column":36}}]},"45":{"loc":{"start":{"line":283,"column":6},"end":{"line":283,"column":12}},"type":"binary-expr","locations":[{"start":{"line":283,"column":6},"end":{"line":283,"column":12}},{"start":{"line":283,"column":16},"end":{"line":283,"column":32}}]},"46":{"loc":{"start":{"line":289,"column":4},"end":{"line":301,"column":null}},"type":"if","locations":[{"start":{"line":289,"column":4},"end":{"line":301,"column":null}},{"start":{"line":289,"column":4},"end":{"line":301,"column":null}}]},"47":{"loc":{"start":{"line":289,"column":8},"end":{"line":289,"column":22}},"type":"binary-expr","locations":[{"start":{"line":289,"column":8},"end":{"line":289,"column":22}},{"start":{"line":289,"column":26},"end":{"line":289,"column":42}},{"start":{"line":289,"column":46},"end":{"line":289,"column":74}}]},"48":{"loc":{"start":{"line":290,"column":6},"end":{"line":290,"column":15}},"type":"binary-expr","locations":[{"start":{"line":290,"column":6},"end":{"line":290,"column":15}},{"start":{"line":291,"column":8},"end":{"line":297,"column":null}}]},"49":{"loc":{"start":{"line":307,"column":6},"end":{"line":307,"column":24}},"type":"if","locations":[{"start":{"line":307,"column":6},"end":{"line":307,"column":24}},{"start":{"line":307,"column":6},"end":{"line":307,"column":24}}]},"50":{"loc":{"start":{"line":308,"column":6},"end":{"line":308,"column":57}},"type":"if","locations":[{"start":{"line":308,"column":6},"end":{"line":308,"column":57}},{"start":{"line":308,"column":6},"end":{"line":308,"column":57}}]},"51":{"loc":{"start":{"line":322,"column":6},"end":{"line":322,"column":57}},"type":"if","locations":[{"start":{"line":322,"column":6},"end":{"line":322,"column":57}},{"start":{"line":322,"column":6},"end":{"line":322,"column":57}}]}},"s":{"0":1,"1":1,"2":1,"3":1,"4":40,"5":40,"6":40,"7":40,"8":40,"9":40,"10":40,"11":40,"12":40,"13":40,"14":1,"15":40,"16":40,"17":40,"18":1,"19":44,"20":1,"21":1,"22":48,"23":48,"24":48,"25":48,"26":48,"27":48,"28":44,"29":48,"30":40,"31":37,"32":3,"33":34,"34":3,"35":3,"36":31,"37":3,"38":28,"39":2,"40":26,"41":26,"42":3,"43":48,"44":16,"45":16,"46":16,"47":16,"48":16,"49":48,"50":15,"51":15,"52":15,"53":15,"54":48,"55":3,"56":3,"57":3,"58":3,"59":3,"60":3,"61":48,"62":6,"63":6,"64":6,"65":6,"66":48,"67":28,"68":14,"69":14,"70":0,"71":14,"72":14,"73":48,"74":14,"75":14,"76":14,"77":48,"78":1},"f":{"0":40,"1":40,"2":44,"3":48,"4":44,"5":40,"6":16,"7":15,"8":3,"9":6,"10":28,"11":14,"12":14},"b":{"0":[40,0],"1":[37,3],"2":[37,3],"3":[37,3],"4":[37,3],"5":[44],"6":[48],"7":[37,3],"8":[40,31],"9":[3,34],"10":[3,31],"11":[3,0],"12":[3,28],"13":[28,3],"14":[31,31],"15":[2,26],"16":[28,2],"17":[0,28],"18":[28,28],"19":[0,2],"20":[2,2],"21":[0,2],"22":[2,2],"23":[26,0],"24":[0,26],"25":[26,26],"26":[0,26],"27":[26,26],"28":[0,26],"29":[26,26],"30":[0,26],"31":[26,26],"32":[3],"33":[16,0],"34":[16,15],"35":[0,16],"36":[16,16],"37":[16,16],"38":[15,0],"39":[15,15],"40":[15,15],"41":[3,0],"42":[3,3,3],"43":[3,1],"44":[3,2],"45":[3,3],"46":[6,0],"47":[6,6,6],"48":[6,6],"49":[14,14],"50":[0,14],"51":[14,0]}}
,"/Users/david/Documents/workspace/react-move-hook/src/util.ts": {"path":"/Users/david/Documents/workspace/react-move-hook/src/util.ts","statementMap":{"0":{"start":{"line":4,"column":2},"end":{"line":4,"column":45}},"1":{"start":{"line":1,"column":0},"end":{"line":1,"column":16}},"2":{"start":{"line":23,"column":33},"end":{"line":30,"column":2}},"3":{"start":{"line":23,"column":54},"end":{"line":30,"column":2}},"4":{"start":{"line":23,"column":13},"end":{"line":23,"column":33}},"5":{"start":{"line":33,"column":2},"end":{"line":41,"column":4}},"6":{"start":{"line":32,"column":0},"end":{"line":32,"column":16}},"7":{"start":{"line":44,"column":30},"end":{"line":55,"column":1}},"8":{"start":{"line":45,"column":2},"end":{"line":45,"column":41}},"9":{"start":{"line":45,"column":14},"end":{"line":45,"column":41}},"10":{"start":{"line":46,"column":2},"end":{"line":53,"column":null}},"11":{"start":{"line":44,"column":13},"end":{"line":44,"column":30}},"12":{"start":{"line":62,"column":31},"end":{"line":65,"column":2}},"13":{"start":{"line":62,"column":38},"end":{"line":65,"column":2}},"14":{"start":{"line":62,"column":13},"end":{"line":62,"column":31}}},"fnMap":{"0":{"name":"isUnknownObject","decl":{"start":{"line":1,"column":16},"end":{"line":1,"column":31}},"loc":{"start":{"line":2,"column":12},"end":{"line":5,"column":1}}},"1":{"name":"(anonymous_1)","decl":{"start":{"line":23,"column":33},"end":{"line":23,"column":50}},"loc":{"start":{"line":23,"column":54},"end":{"line":30,"column":2}}},"2":{"name":"isBoundingRect","decl":{"start":{"line":32,"column":16},"end":{"line":32,"column":30}},"loc":{"start":{"line":32,"column":43},"end":{"line":42,"column":1}}},"3":{"name":"(anonymous_3)","decl":{"start":{"line":44,"column":30},"end":{"line":44,"column":31}},"loc":{"start":{"line":44,"column":72},"end":{"line":55,"column":1}}},"4":{"name":"(anonymous_4)","decl":{"start":{"line":62,"column":31},"end":{"line":62,"column":34}},"loc":{"start":{"line":62,"column":38},"end":{"line":65,"column":2}}}},"branchMap":{"0":{"loc":{"start":{"line":4,"column":9},"end":{"line":4,"column":19}},"type":"binary-expr","locations":[{"start":{"line":4,"column":9},"end":{"line":4,"column":19}},{"start":{"line":4,"column":23},"end":{"line":4,"column":44}}]},"1":{"loc":{"start":{"line":34,"column":4},"end":{"line":34,"column":24}},"type":"binary-expr","locations":[{"start":{"line":34,"column":4},"end":{"line":34,"column":24}},{"start":{"line":35,"column":4},"end":{"line":35,"column":31}},{"start":{"line":36,"column":4},"end":{"line":36,"column":32}},{"start":{"line":37,"column":4},"end":{"line":37,"column":34}},{"start":{"line":38,"column":4},"end":{"line":38,"column":33}},{"start":{"line":39,"column":4},"end":{"line":39,"column":33}},{"start":{"line":40,"column":4},"end":{"line":40,"column":34}}]},"2":{"loc":{"start":{"line":45,"column":2},"end":{"line":45,"column":41}},"type":"if","locations":[{"start":{"line":45,"column":2},"end":{"line":45,"column":41}},{"start":{"line":45,"column":2},"end":{"line":45,"column":41}}]},"3":{"loc":{"start":{"line":52,"column":35},"end":{"line":52,"column":46}},"type":"cond-expr","locations":[{"start":{"line":52,"column":35},"end":{"line":52,"column":46}},{"start":{"line":52,"column":49},"end":{"line":52,"column":50}}]},"4":{"loc":{"start":{"line":53,"column":36},"end":{"line":53,"column":48}},"type":"cond-expr","locations":[{"start":{"line":53,"column":36},"end":{"line":53,"column":48}},{"start":{"line":53,"column":51},"end":{"line":53,"column":52}}]}},"s":{"0":128,"1":2,"2":2,"3":1,"4":2,"5":128,"6":2,"7":2,"8":44,"9":0,"10":44,"11":2,"12":2,"13":52,"14":2},"f":{"0":128,"1":1,"2":128,"3":44,"4":52},"b":{"0":[128,128],"1":[128,97,94,94,94,94,94],"2":[0,44],"3":[44,0],"4":[44,0]}}
,"/Users/david/Documents/workspace/react-move-hook/src/stories/useMovable.stories.tsx": {"path":"/Users/david/Documents/workspace/react-move-hook/src/stories/useMovable.stories.tsx","statementMap":{"0":{"start":{"line":1,"column":0},"end":{"line":1,"column":null}},"1":{"start":{"line":11,"column":0},"end":{"line":11,"column":70}},"2":{"start":{"line":12,"column":0},"end":{"line":12,"column":70}},"3":{"start":{"line":13,"column":0},"end":{"line":13,"column":54}},"4":{"start":{"line":15,"column":0},"end":{"line":17,"column":10}},"5":{"start":{"line":24,"column":21},"end":{"line":26,"column":2}},"6":{"start":{"line":28,"column":16},"end":{"line":44,"column":null}},"7":{"start":{"line":29,"column":47},"end":{"line":29,"column":52}},"8":{"start":{"line":29,"column":57},"end":{"line":29,"column":61}},"9":{"start":{"line":30,"column":19},"end":{"line":41,"column":null}},"10":{"start":{"line":43,"column":4},"end":{"line":43,"column":58}},"11":{"start":{"line":47,"column":22},"end":{"line":60,"column":null}},"12":{"start":{"line":48,"column":47},"end":{"line":48,"column":52}},"13":{"start":{"line":48,"column":57},"end":{"line":48,"column":61}},"14":{"start":{"line":49,"column":19},"end":{"line":57,"column":null}},"15":{"start":{"line":59,"column":4},"end":{"line":59,"column":58}},"16":{"start":{"line":67,"column":50},"end":{"line":133,"column":1}},"17":{"start":{"line":68,"column":33},"end":{"line":68,"column":37}},"18":{"start":{"line":69,"column":24},"end":{"line":69,"column":48}},"19":{"start":{"line":71,"column":18},"end":{"line":71,"column":46}},"20":{"start":{"line":72,"column":28},"end":{"line":76,"column":4}},"21":{"start":{"line":78,"column":26},"end":{"line":80,"column":8}},"22":{"start":{"line":79,"column":4},"end":{"line":79,"column":46}},"23":{"start":{"line":79,"column":20},"end":{"line":79,"column":44}},"24":{"start":{"line":82,"column":27},"end":{"line":93,"column":8}},"25":{"start":{"line":83,"column":4},"end":{"line":92,"column":7}},"26":{"start":{"line":84,"column":18},"end":{"line":84,"column":49}},"27":{"start":{"line":85,"column":26},"end":{"line":85,"column":72}},"28":{"start":{"line":86,"column":6},"end":{"line":90,"column":null}},"29":{"start":{"line":95,"column":21},"end":{"line":97,"column":8}},"30":{"start":{"line":96,"column":4},"end":{"line":96,"column":48}},"31":{"start":{"line":96,"column":20},"end":{"line":96,"column":46}},"32":{"start":{"line":99,"column":14},"end":{"line":105,"column":null}},"33":{"start":{"line":108,"column":2},"end":{"line":132,"column":4}},"34":{"start":{"line":135,"column":13},"end":{"line":135,"column":41}},"35":{"start":{"line":136,"column":13},"end":{"line":136,"column":43}},"36":{"start":{"line":137,"column":0},"end":{"line":139,"column":2}},"37":{"start":{"line":140,"column":13},"end":{"line":140,"column":41}},"38":{"start":{"line":141,"column":0},"end":{"line":159,"column":2}},"39":{"start":{"line":143,"column":16},"end":{"line":143,"column":44}},"40":{"start":{"line":144,"column":4},"end":{"line":157,"column":6}},"41":{"start":{"line":161,"column":13},"end":{"line":161,"column":44}},"42":{"start":{"line":162,"column":0},"end":{"line":164,"column":2}},"43":{"start":{"line":166,"column":21},"end":{"line":201,"column":1}},"44":{"start":{"line":167,"column":20},"end":{"line":167,"column":67}},"45":{"start":{"line":169,"column":2},"end":{"line":200,"column":4}},"46":{"start":{"line":171,"column":6},"end":{"line":171,"column":38}},"47":{"start":{"line":172,"column":6},"end":{"line":191,"column":8}},"48":{"start":{"line":173,"column":8},"end":{"line":173,"column":50}},"49":{"start":{"line":173,"column":43},"end":{"line":173,"column":50}},"50":{"start":{"line":174,"column":8},"end":{"line":174,"column":27}},"51":{"start":{"line":175,"column":8},"end":{"line":175,"column":28}},"52":{"start":{"line":176,"column":8},"end":{"line":189,"column":null}},"53":{"start":{"line":178,"column":12},"end":{"line":178,"column":37}},"54":{"start":{"line":179,"column":12},"end":{"line":179,"column":18}},"55":{"start":{"line":181,"column":12},"end":{"line":181,"column":36}},"56":{"start":{"line":182,"column":12},"end":{"line":182,"column":18}},"57":{"start":{"line":184,"column":12},"end":{"line":184,"column":36}},"58":{"start":{"line":185,"column":12},"end":{"line":185,"column":18}},"59":{"start":{"line":187,"column":12},"end":{"line":187,"column":37}},"60":{"start":{"line":188,"column":12},"end":{"line":188,"column":18}},"61":{"start":{"line":190,"column":8},"end":{"line":190,"column":26}},"62":{"start":{"line":192,"column":6},"end":{"line":192,"column":57}},"63":{"start":{"line":195,"column":6},"end":{"line":195,"column":32}},"64":{"start":{"line":196,"column":6},"end":{"line":196,"column":56}},"65":{"start":{"line":197,"column":6},"end":{"line":197,"column":57}},"66":{"start":{"line":198,"column":6},"end":{"line":198,"column":53}},"67":{"start":{"line":203,"column":13},"end":{"line":203,"column":49}},"68":{"start":{"line":204,"column":0},"end":{"line":206,"column":2}},"69":{"start":{"line":208,"column":13},"end":{"line":208,"column":51}},"70":{"start":{"line":209,"column":0},"end":{"line":211,"column":2}}},"fnMap":{"0":{"name":"(anonymous_7)","decl":{"start":{"line":29,"column":2},"end":{"line":29,"column":3}},"loc":{"start":{"line":29,"column":68},"end":{"line":44,"column":3}}},"1":{"name":"(anonymous_8)","decl":{"start":{"line":48,"column":2},"end":{"line":48,"column":3}},"loc":{"start":{"line":48,"column":68},"end":{"line":60,"column":3}}},"2":{"name":"(anonymous_9)","decl":{"start":{"line":67,"column":50},"end":{"line":67,"column":51}},"loc":{"start":{"line":67,"column":59},"end":{"line":133,"column":1}}},"3":{"name":"(anonymous_10)","decl":{"start":{"line":78,"column":38},"end":{"line":78,"column":39}},"loc":{"start":{"line":78,"column":54},"end":{"line":80,"column":3}}},"4":{"name":"(anonymous_11)","decl":{"start":{"line":79,"column":13},"end":{"line":79,"column":14}},"loc":{"start":{"line":79,"column":20},"end":{"line":79,"column":44}}},"5":{"name":"(anonymous_12)","decl":{"start":{"line":82,"column":39},"end":{"line":82,"column":40}},"loc":{"start":{"line":82,"column":55},"end":{"line":93,"column":3}}},"6":{"name":"(anonymous_13)","decl":{"start":{"line":83,"column":13},"end":{"line":83,"column":14}},"loc":{"start":{"line":83,"column":19},"end":{"line":92,"column":5}}},"7":{"name":"(anonymous_14)","decl":{"start":{"line":95,"column":33},"end":{"line":95,"column":34}},"loc":{"start":{"line":95,"column":49},"end":{"line":97,"column":3}}},"8":{"name":"(anonymous_15)","decl":{"start":{"line":96,"column":13},"end":{"line":96,"column":14}},"loc":{"start":{"line":96,"column":20},"end":{"line":96,"column":46}}},"9":{"name":"(anonymous_16)","decl":{"start":{"line":142,"column":2},"end":{"line":142,"column":3}},"loc":{"start":{"line":142,"column":12},"end":{"line":158,"column":3}}},"10":{"name":"(anonymous_17)","decl":{"start":{"line":166,"column":21},"end":{"line":166,"column":22}},"loc":{"start":{"line":166,"column":72},"end":{"line":201,"column":1}}},"11":{"name":"(anonymous_18)","decl":{"start":{"line":170,"column":13},"end":{"line":170,"column":14}},"loc":{"start":{"line":170,"column":29},"end":{"line":193,"column":5}}},"12":{"name":"(anonymous_19)","decl":{"start":{"line":172,"column":23},"end":{"line":172,"column":24}},"loc":{"start":{"line":172,"column":44},"end":{"line":191,"column":7}}},"13":{"name":"(anonymous_20)","decl":{"start":{"line":194,"column":16},"end":{"line":194,"column":17}},"loc":{"start":{"line":194,"column":23},"end":{"line":199,"column":5}}}},"branchMap":{"0":{"loc":{"start":{"line":29,"column":23},"end":{"line":29,"column":40}},"type":"default-arg","locations":[{"start":{"line":29,"column":23},"end":{"line":29,"column":40}}]},"1":{"loc":{"start":{"line":40,"column":10},"end":{"line":40,"column":69}},"type":"cond-expr","locations":[{"start":{"line":40,"column":10},"end":{"line":40,"column":69}},{"start":{"line":41,"column":10},"end":{"line":41,"column":12}}]},"2":{"loc":{"start":{"line":48,"column":23},"end":{"line":48,"column":40}},"type":"default-arg","locations":[{"start":{"line":48,"column":23},"end":{"line":48,"column":40}}]},"3":{"loc":{"start":{"line":84,"column":18},"end":{"line":84,"column":28}},"type":"binary-expr","locations":[{"start":{"line":84,"column":18},"end":{"line":84,"column":28}},{"start":{"line":84,"column":32},"end":{"line":84,"column":49}}]},"4":{"loc":{"start":{"line":101,"column":12},"end":{"line":101,"column":21}},"type":"binary-expr","locations":[{"start":{"line":101,"column":12},"end":{"line":101,"column":21}},{"start":{"line":101,"column":25},"end":{"line":101,"column":31}}]},"5":{"loc":{"start":{"line":121,"column":26},"end":{"line":121,"column":33}},"type":"cond-expr","locations":[{"start":{"line":121,"column":26},"end":{"line":121,"column":33}},{"start":{"line":121,"column":36},"end":{"line":121,"column":39}}]},"6":{"loc":{"start":{"line":128,"column":9},"end":{"line":128,"column":19}},"type":"binary-expr","locations":[{"start":{"line":128,"column":9},"end":{"line":128,"column":19}},{"start":{"line":128,"column":23},"end":{"line":128,"column":71}}]},"7":{"loc":{"start":{"line":171,"column":15},"end":{"line":171,"column":17}},"type":"cond-expr","locations":[{"start":{"line":171,"column":15},"end":{"line":171,"column":17}},{"start":{"line":171,"column":6},"end":{"line":171,"column":37}}]},"8":{"loc":{"start":{"line":171,"column":6},"end":{"line":171,"column":17}},"type":"binary-expr","locations":[{"start":{"line":171,"column":6},"end":{"line":171,"column":17}},{"start":{"line":171,"column":6},"end":{"line":171,"column":17}}]},"9":{"loc":{"start":{"line":173,"column":8},"end":{"line":173,"column":50}},"type":"if","locations":[{"start":{"line":173,"column":8},"end":{"line":173,"column":50}},{"start":{"line":173,"column":8},"end":{"line":173,"column":50}}]},"10":{"loc":{"start":{"line":177,"column":10},"end":{"line":179,"column":18}},"type":"switch","locations":[{"start":{"line":177,"column":10},"end":{"line":179,"column":18}},{"start":{"line":180,"column":10},"end":{"line":182,"column":18}},{"start":{"line":183,"column":10},"end":{"line":185,"column":18}},{"start":{"line":186,"column":10},"end":{"line":188,"column":18}}]},"11":{"loc":{"start":{"line":195,"column":15},"end":{"line":195,"column":17}},"type":"cond-expr","locations":[{"start":{"line":195,"column":15},"end":{"line":195,"column":17}},{"start":{"line":195,"column":6},"end":{"line":195,"column":31}}]},"12":{"loc":{"start":{"line":195,"column":6},"end":{"line":195,"column":17}},"type":"binary-expr","locations":[{"start":{"line":195,"column":6},"end":{"line":195,"column":17}},{"start":{"line":195,"column":6},"end":{"line":195,"column":17}}]}},"s":{"0":1,"1":1,"2":1,"3":1,"4":1,"5":1,"6":1,"7":48,"8":48,"9":48,"10":48,"11":1,"12":3,"13":3,"14":3,"15":3,"16":1,"17":48,"18":48,"19":48,"20":48,"21":48,"22":16,"23":16,"24":48,"25":6,"26":6,"27":6,"28":6,"29":48,"30":18,"31":18,"32":48,"33":48,"34":1,"35":1,"36":1,"37":1,"38":1,"39":0,"40":0,"41":1,"42":1,"43":1,"44":2,"45":2,"46":1,"47":1,"48":3,"49":0,"50":3,"51":3,"52":3,"53":0,"54":0,"55":2,"56":2,"57":1,"58":1,"59":0,"60":0,"61":3,"62":1,"63":1,"64":1,"65":1,"66":1,"67":1,"68":1,"69":1,"70":1},"f":{"0":48,"1":3,"2":48,"3":16,"4":16,"5":6,"6":6,"7":18,"8":18,"9":0,"10":2,"11":1,"12":3,"13":1},"b":{"0":[42],"1":[15,33],"2":[3],"3":[6,4],"4":[48,48],"5":[3,45],"6":[48,3],"7":[1,0],"8":[1,1],"9":[0,3],"10":[0,2,1,0],"11":[1,0],"12":[1,1]}}
}
