{"/Users/david/Documents/workspace/react-move-hook/packages/react-move-hook/src/connector.ts": {"path":"/Users/david/Documents/workspace/react-move-hook/packages/react-move-hook/src/connector.ts","statementMap":{"0":{"start":{"line":18,"column":2},"end":{"line":20,"column":null}},"1":{"start":{"line":19,"column":4},"end":{"line":19,"column":16}},"2":{"start":{"line":21,"column":2},"end":{"line":21,"column":15}},"3":{"start":{"line":24,"column":22},"end":{"line":32,"column":1}},"4":{"start":{"line":25,"column":2},"end":{"line":30,"column":null}},"5":{"start":{"line":26,"column":4},"end":{"line":29,"column":6}},"6":{"start":{"line":31,"column":2},"end":{"line":31,"column":40}},"7":{"start":{"line":34,"column":41},"end":{"line":37,"column":2}},"8":{"start":{"line":39,"column":25},"end":{"line":67,"column":1}},"9":{"start":{"line":40,"column":20},"end":{"line":40,"column":64}},"10":{"start":{"line":42,"column":2},"end":{"line":66,"column":4}},"11":{"start":{"line":44,"column":6},"end":{"line":44,"column":37}},"12":{"start":{"line":46,"column":6},"end":{"line":48,"column":8}},"13":{"start":{"line":47,"column":8},"end":{"line":47,"column":44}},"14":{"start":{"line":49,"column":6},"end":{"line":51,"column":8}},"15":{"start":{"line":50,"column":8},"end":{"line":50,"column":41}},"16":{"start":{"line":52,"column":6},"end":{"line":54,"column":8}},"17":{"start":{"line":53,"column":8},"end":{"line":53,"column":26}},"18":{"start":{"line":56,"column":6},"end":{"line":56,"column":69}},"19":{"start":{"line":57,"column":6},"end":{"line":57,"column":67}},"20":{"start":{"line":58,"column":6},"end":{"line":58,"column":69}},"21":{"start":{"line":61,"column":6},"end":{"line":61,"column":31}},"22":{"start":{"line":62,"column":6},"end":{"line":62,"column":72}},"23":{"start":{"line":63,"column":6},"end":{"line":63,"column":70}},"24":{"start":{"line":64,"column":6},"end":{"line":64,"column":72}},"25":{"start":{"line":39,"column":13},"end":{"line":39,"column":25}},"26":{"start":{"line":69,"column":25},"end":{"line":96,"column":1}},"27":{"start":{"line":70,"column":20},"end":{"line":70,"column":64}},"28":{"start":{"line":71,"column":2},"end":{"line":95,"column":4}},"29":{"start":{"line":73,"column":6},"end":{"line":73,"column":37}},"30":{"start":{"line":75,"column":6},"end":{"line":77,"column":8}},"31":{"start":{"line":76,"column":8},"end":{"line":76,"column":44}},"32":{"start":{"line":78,"column":6},"end":{"line":80,"column":8}},"33":{"start":{"line":79,"column":8},"end":{"line":79,"column":41}},"34":{"start":{"line":81,"column":6},"end":{"line":83,"column":8}},"35":{"start":{"line":82,"column":8},"end":{"line":82,"column":26}},"36":{"start":{"line":85,"column":6},"end":{"line":85,"column":68}},"37":{"start":{"line":86,"column":6},"end":{"line":86,"column":67}},"38":{"start":{"line":87,"column":6},"end":{"line":87,"column":68}},"39":{"start":{"line":90,"column":6},"end":{"line":90,"column":31}},"40":{"start":{"line":91,"column":6},"end":{"line":91,"column":71}},"41":{"start":{"line":92,"column":6},"end":{"line":92,"column":70}},"42":{"start":{"line":93,"column":6},"end":{"line":93,"column":71}},"43":{"start":{"line":69,"column":13},"end":{"line":69,"column":25}}},"fnMap":{"0":{"name":"isTouchEvent","decl":{"start":{"line":17,"column":9},"end":{"line":17,"column":21}},"loc":{"start":{"line":17,"column":34},"end":{"line":22,"column":1}}},"1":{"name":"(anonymous_1)","decl":{"start":{"line":24,"column":22},"end":{"line":24,"column":23}},"loc":{"start":{"line":24,"column":39},"end":{"line":32,"column":1}}},"2":{"name":"(anonymous_2)","decl":{"start":{"line":35,"column":11},"end":{"line":35,"column":14}},"loc":{"start":{"line":35,"column":16},"end":{"line":35,"column":19}}},"3":{"name":"(anonymous_3)","decl":{"start":{"line":36,"column":14},"end":{"line":36,"column":17}},"loc":{"start":{"line":36,"column":19},"end":{"line":36,"column":22}}},"4":{"name":"(anonymous_4)","decl":{"start":{"line":39,"column":25},"end":{"line":39,"column":26}},"loc":{"start":{"line":39,"column":74},"end":{"line":67,"column":1}}},"5":{"name":"(anonymous_5)","decl":{"start":{"line":43,"column":13},"end":{"line":43,"column":14}},"loc":{"start":{"line":43,"column":29},"end":{"line":59,"column":5}}},"6":{"name":"(anonymous_6)","decl":{"start":{"line":46,"column":36},"end":{"line":46,"column":37}},"loc":{"start":{"line":46,"column":53},"end":{"line":48,"column":7}}},"7":{"name":"(anonymous_7)","decl":{"start":{"line":49,"column":31},"end":{"line":49,"column":32}},"loc":{"start":{"line":49,"column":48},"end":{"line":51,"column":7}}},"8":{"name":"(anonymous_8)","decl":{"start":{"line":52,"column":34},"end":{"line":52,"column":37}},"loc":{"start":{"line":52,"column":39},"end":{"line":54,"column":7}}},"9":{"name":"(anonymous_9)","decl":{"start":{"line":60,"column":16},"end":{"line":60,"column":17}},"loc":{"start":{"line":60,"column":23},"end":{"line":65,"column":5}}},"10":{"name":"(anonymous_10)","decl":{"start":{"line":69,"column":25},"end":{"line":69,"column":26}},"loc":{"start":{"line":69,"column":74},"end":{"line":96,"column":1}}},"11":{"name":"(anonymous_11)","decl":{"start":{"line":72,"column":13},"end":{"line":72,"column":14}},"loc":{"start":{"line":72,"column":29},"end":{"line":88,"column":5}}},"12":{"name":"(anonymous_12)","decl":{"start":{"line":75,"column":36},"end":{"line":75,"column":37}},"loc":{"start":{"line":75,"column":53},"end":{"line":77,"column":7}}},"13":{"name":"(anonymous_13)","decl":{"start":{"line":78,"column":31},"end":{"line":78,"column":32}},"loc":{"start":{"line":78,"column":48},"end":{"line":80,"column":7}}},"14":{"name":"(anonymous_14)","decl":{"start":{"line":81,"column":34},"end":{"line":81,"column":37}},"loc":{"start":{"line":81,"column":39},"end":{"line":83,"column":7}}},"15":{"name":"(anonymous_15)","decl":{"start":{"line":89,"column":16},"end":{"line":89,"column":17}},"loc":{"start":{"line":89,"column":23},"end":{"line":94,"column":5}}}},"branchMap":{"0":{"loc":{"start":{"line":18,"column":2},"end":{"line":20,"column":null}},"type":"if","locations":[{"start":{"line":18,"column":2},"end":{"line":20,"column":null}},{"start":{"line":18,"column":2},"end":{"line":20,"column":null}}]},"1":{"loc":{"start":{"line":25,"column":2},"end":{"line":30,"column":null}},"type":"if","locations":[{"start":{"line":25,"column":2},"end":{"line":30,"column":null}},{"start":{"line":25,"column":2},"end":{"line":30,"column":null}}]},"2":{"loc":{"start":{"line":39,"column":38},"end":{"line":39,"column":52}},"type":"default-arg","locations":[{"start":{"line":39,"column":38},"end":{"line":39,"column":52}}]},"3":{"loc":{"start":{"line":69,"column":38},"end":{"line":69,"column":52}},"type":"default-arg","locations":[{"start":{"line":69,"column":38},"end":{"line":69,"column":52}}]}},"s":{"0":28,"1":5,"2":23,"3":1,"4":28,"5":5,"6":23,"7":1,"8":1,"9":1,"10":1,"11":13,"12":13,"13":3,"14":13,"15":2,"16":13,"17":1,"18":13,"19":13,"20":13,"21":13,"22":13,"23":13,"24":13,"25":1,"26":1,"27":2,"28":2,"29":13,"30":13,"31":10,"32":13,"33":13,"34":13,"35":2,"36":13,"37":13,"38":13,"39":13,"40":13,"41":13,"42":13,"43":1},"f":{"0":28,"1":28,"2":13,"3":13,"4":1,"5":13,"6":3,"7":2,"8":1,"9":13,"10":2,"11":13,"12":10,"13":13,"14":2,"15":13},"b":{"0":[5,23],"1":[5,23],"2":[1],"3":[1]}}
,"/Users/david/Documents/workspace/react-move-hook/packages/react-move-hook/src/useMovable.ts": {"path":"/Users/david/Documents/workspace/react-move-hook/packages/react-move-hook/src/useMovable.ts","statementMap":{"0":{"start":{"line":1,"column":0},"end":{"line":1,"column":62}},"1":{"start":{"line":2,"column":0},"end":{"line":2,"column":69}},"2":{"start":{"line":3,"column":0},"end":{"line":3,"column":null}},"3":{"start":{"line":85,"column":18},"end":{"line":121,"column":1}},"4":{"start":{"line":92,"column":20},"end":{"line":92,"column":47}},"5":{"start":{"line":98,"column":15},"end":{"line":102,"column":14}},"6":{"start":{"line":104,"column":15},"end":{"line":108,"column":14}},"7":{"start":{"line":110,"column":15},"end":{"line":110,"column":77}},"8":{"start":{"line":112,"column":15},"end":{"line":112,"column":75}},"9":{"start":{"line":114,"column":12},"end":{"line":114,"column":54}},"10":{"start":{"line":115,"column":12},"end":{"line":115,"column":54}},"11":{"start":{"line":118,"column":16},"end":{"line":118,"column":28}},"12":{"start":{"line":119,"column":16},"end":{"line":119,"column":28}},"13":{"start":{"line":120,"column":2},"end":{"line":120,"column":32}},"14":{"start":{"line":143,"column":20},"end":{"line":170,"column":1}},"15":{"start":{"line":150,"column":16},"end":{"line":150,"column":64}},"16":{"start":{"line":152,"column":19},"end":{"line":155,"column":4}},"17":{"start":{"line":157,"column":12},"end":{"line":160,"column":null}},"18":{"start":{"line":163,"column":2},"end":{"line":169,"column":4}},"19":{"start":{"line":176,"column":23},"end":{"line":178,"column":1}},"20":{"start":{"line":177,"column":2},"end":{"line":177,"column":35}},"21":{"start":{"line":183,"column":25},"end":{"line":183,"column":47}},"22":{"start":{"line":192,"column":26},"end":{"line":368,"column":1}},"23":{"start":{"line":196,"column":14},"end":{"line":196,"column":35}},"24":{"start":{"line":199,"column":17},"end":{"line":199,"column":37}},"25":{"start":{"line":204,"column":31},"end":{"line":204,"column":53}},"26":{"start":{"line":205,"column":23},"end":{"line":205,"column":43}},"27":{"start":{"line":206,"column":19},"end":{"line":206,"column":37}},"28":{"start":{"line":218,"column":6},"end":{"line":218,"column":11}},"29":{"start":{"line":220,"column":18},"end":{"line":224,"column":null}},"30":{"start":{"line":222,"column":6},"end":{"line":222,"column":45}},"31":{"start":{"line":232,"column":20},"end":{"line":252,"column":47}},"32":{"start":{"line":233,"column":4},"end":{"line":250,"column":null}},"33":{"start":{"line":234,"column":6},"end":{"line":234,"column":56}},"34":{"start":{"line":234,"column":38},"end":{"line":234,"column":56}},"35":{"start":{"line":235,"column":6},"end":{"line":238,"column":null}},"36":{"start":{"line":236,"column":23},"end":{"line":236,"column":35}},"37":{"start":{"line":237,"column":8},"end":{"line":237,"column":59}},"38":{"start":{"line":239,"column":6},"end":{"line":241,"column":null}},"39":{"start":{"line":240,"column":8},"end":{"line":240,"column":58}},"40":{"start":{"line":243,"column":6},"end":{"line":245,"column":null}},"41":{"start":{"line":244,"column":8},"end":{"line":244,"column":55}},"42":{"start":{"line":247,"column":6},"end":{"line":249,"column":null}},"43":{"start":{"line":248,"column":8},"end":{"line":248,"column":52}},"44":{"start":{"line":251,"column":4},"end":{"line":251,"column":21}},"45":{"start":{"line":255,"column":20},"end":{"line":274,"column":null}},"46":{"start":{"line":257,"column":6},"end":{"line":257,"column":26}},"47":{"start":{"line":258,"column":6},"end":{"line":258,"column":32}},"48":{"start":{"line":259,"column":6},"end":{"line":272,"column":null}},"49":{"start":{"line":260,"column":8},"end":{"line":260,"column":80}},"50":{"start":{"line":261,"column":8},"end":{"line":271,"column":null}},"51":{"start":{"line":262,"column":10},"end":{"line":270,"column":12}},"52":{"start":{"line":278,"column":17},"end":{"line":296,"column":null}},"53":{"start":{"line":280,"column":28},"end":{"line":283,"column":8}},"54":{"start":{"line":284,"column":6},"end":{"line":294,"column":null}},"55":{"start":{"line":285,"column":25},"end":{"line":291,"column":10}},"56":{"start":{"line":292,"column":8},"end":{"line":292,"column":45}},"57":{"start":{"line":293,"column":8},"end":{"line":293,"column":37}},"58":{"start":{"line":293,"column":20},"end":{"line":293,"column":37}},"59":{"start":{"line":299,"column":15},"end":{"line":320,"column":8}},"60":{"start":{"line":300,"column":4},"end":{"line":319,"column":null}},"61":{"start":{"line":305,"column":19},"end":{"line":305,"column":39}},"62":{"start":{"line":306,"column":23},"end":{"line":309,"column":8}},"63":{"start":{"line":310,"column":23},"end":{"line":316,"column":8}},"64":{"start":{"line":317,"column":6},"end":{"line":317,"column":44}},"65":{"start":{"line":318,"column":6},"end":{"line":318,"column":35}},"66":{"start":{"line":318,"column":18},"end":{"line":318,"column":35}},"67":{"start":{"line":323,"column":18},"end":{"line":343,"column":28}},"68":{"start":{"line":324,"column":4},"end":{"line":342,"column":null}},"69":{"start":{"line":329,"column":19},"end":{"line":335,"column":8}},"70":{"start":{"line":336,"column":6},"end":{"line":336,"column":30}},"71":{"start":{"line":337,"column":6},"end":{"line":339,"column":null}},"72":{"start":{"line":338,"column":8},"end":{"line":338,"column":24}},"73":{"start":{"line":340,"column":6},"end":{"line":340,"column":39}},"74":{"start":{"line":341,"column":6},"end":{"line":341,"column":33}},"75":{"start":{"line":346,"column":19},"end":{"line":358,"column":null}},"76":{"start":{"line":348,"column":6},"end":{"line":348,"column":24}},"77":{"start":{"line":348,"column":17},"end":{"line":348,"column":24}},"78":{"start":{"line":349,"column":6},"end":{"line":349,"column":57}},"79":{"start":{"line":349,"column":23},"end":{"line":349,"column":57}},"80":{"start":{"line":350,"column":6},"end":{"line":350,"column":25}},"81":{"start":{"line":351,"column":6},"end":{"line":356,"column":9}},"82":{"start":{"line":361,"column":2},"end":{"line":365,"column":9}},"83":{"start":{"line":362,"column":4},"end":{"line":364,"column":6}},"84":{"start":{"line":363,"column":6},"end":{"line":363,"column":57}},"85":{"start":{"line":363,"column":23},"end":{"line":363,"column":57}},"86":{"start":{"line":367,"column":2},"end":{"line":367,"column":18}},"87":{"start":{"line":192,"column":13},"end":{"line":192,"column":26}}},"fnMap":{"0":{"name":"(anonymous_0)","decl":{"start":{"line":85,"column":18},"end":{"line":85,"column":null}},"loc":{"start":{"line":90,"column":16},"end":{"line":121,"column":1}}},"1":{"name":"(anonymous_1)","decl":{"start":{"line":143,"column":20},"end":{"line":143,"column":21}},"loc":{"start":{"line":149,"column":29},"end":{"line":170,"column":1}}},"2":{"name":"(anonymous_2)","decl":{"start":{"line":176,"column":23},"end":{"line":176,"column":24}},"loc":{"start":{"line":176,"column":42},"end":{"line":178,"column":1}}},"3":{"name":"(anonymous_3)","decl":{"start":{"line":192,"column":26},"end":{"line":192,"column":27}},"loc":{"start":{"line":192,"column":53},"end":{"line":368,"column":1}}},"4":{"name":"(anonymous_4)","decl":{"start":{"line":221,"column":4},"end":{"line":221,"column":5}},"loc":{"start":{"line":221,"column":24},"end":{"line":223,"column":5}}},"5":{"name":"(anonymous_5)","decl":{"start":{"line":232,"column":32},"end":{"line":232,"column":61}},"loc":{"start":{"line":232,"column":63},"end":{"line":252,"column":3}}},"6":{"name":"(anonymous_6)","decl":{"start":{"line":256,"column":4},"end":{"line":256,"column":5}},"loc":{"start":{"line":256,"column":43},"end":{"line":273,"column":5}}},"7":{"name":"(anonymous_7)","decl":{"start":{"line":279,"column":4},"end":{"line":279,"column":5}},"loc":{"start":{"line":279,"column":29},"end":{"line":295,"column":5}}},"8":{"name":"(anonymous_8)","decl":{"start":{"line":299,"column":27},"end":{"line":299,"column":28}},"loc":{"start":{"line":299,"column":61},"end":{"line":320,"column":3}}},"9":{"name":"(anonymous_9)","decl":{"start":{"line":323,"column":30},"end":{"line":323,"column":33}},"loc":{"start":{"line":323,"column":35},"end":{"line":343,"column":3}}},"10":{"name":"(anonymous_10)","decl":{"start":{"line":347,"column":4},"end":{"line":347,"column":5}},"loc":{"start":{"line":347,"column":33},"end":{"line":357,"column":5}}},"11":{"name":"(anonymous_11)","decl":{"start":{"line":361,"column":12},"end":{"line":361,"column":15}},"loc":{"start":{"line":361,"column":17},"end":{"line":365,"column":3}}},"12":{"name":"(anonymous_12)","decl":{"start":{"line":362,"column":11},"end":{"line":362,"column":14}},"loc":{"start":{"line":362,"column":16},"end":{"line":364,"column":5}}}},"branchMap":{"0":{"loc":{"start":{"line":92,"column":20},"end":{"line":92,"column":24}},"type":"binary-expr","locations":[{"start":{"line":92,"column":20},"end":{"line":92,"column":24}},{"start":{"line":92,"column":28},"end":{"line":92,"column":47}}]},"1":{"loc":{"start":{"line":99,"column":6},"end":{"line":101,"column":53}},"type":"cond-expr","locations":[{"start":{"line":99,"column":6},"end":{"line":101,"column":53}},{"start":{"line":102,"column":6},"end":{"line":102,"column":14}}]},"2":{"loc":{"start":{"line":105,"column":6},"end":{"line":107,"column":53}},"type":"cond-expr","locations":[{"start":{"line":105,"column":6},"end":{"line":107,"column":53}},{"start":{"line":108,"column":6},"end":{"line":108,"column":14}}]},"3":{"loc":{"start":{"line":110,"column":24},"end":{"line":110,"column":65}},"type":"cond-expr","locations":[{"start":{"line":110,"column":24},"end":{"line":110,"column":65}},{"start":{"line":110,"column":68},"end":{"line":110,"column":77}}]},"4":{"loc":{"start":{"line":112,"column":24},"end":{"line":112,"column":63}},"type":"cond-expr","locations":[{"start":{"line":112,"column":24},"end":{"line":112,"column":63}},{"start":{"line":112,"column":66},"end":{"line":112,"column":75}}]},"5":{"loc":{"start":{"line":153,"column":8},"end":{"line":153,"column":28}},"type":"binary-expr","locations":[{"start":{"line":153,"column":8},"end":{"line":153,"column":28}},{"start":{"line":153,"column":32},"end":{"line":153,"column":33}}]},"6":{"loc":{"start":{"line":153,"column":16},"end":{"line":153,"column":18}},"type":"cond-expr","locations":[{"start":{"line":153,"column":16},"end":{"line":153,"column":18}},{"start":{"line":153,"column":8},"end":{"line":153,"column":28}}]},"7":{"loc":{"start":{"line":153,"column":8},"end":{"line":153,"column":18}},"type":"binary-expr","locations":[{"start":{"line":153,"column":8},"end":{"line":153,"column":18}},{"start":{"line":153,"column":8},"end":{"line":153,"column":18}}]},"8":{"loc":{"start":{"line":154,"column":8},"end":{"line":154,"column":28}},"type":"binary-expr","locations":[{"start":{"line":154,"column":8},"end":{"line":154,"column":28}},{"start":{"line":154,"column":32},"end":{"line":154,"column":33}}]},"9":{"loc":{"start":{"line":154,"column":16},"end":{"line":154,"column":18}},"type":"cond-expr","locations":[{"start":{"line":154,"column":16},"end":{"line":154,"column":18}},{"start":{"line":154,"column":8},"end":{"line":154,"column":28}}]},"10":{"loc":{"start":{"line":154,"column":8},"end":{"line":154,"column":18}},"type":"binary-expr","locations":[{"start":{"line":154,"column":8},"end":{"line":154,"column":18}},{"start":{"line":154,"column":8},"end":{"line":154,"column":18}}]},"11":{"loc":{"start":{"line":210,"column":16},"end":{"line":210,"column":32}},"type":"default-arg","locations":[{"start":{"line":210,"column":16},"end":{"line":210,"column":32}}]},"12":{"loc":{"start":{"line":211,"column":27},"end":{"line":211,"column":41}},"type":"default-arg","locations":[{"start":{"line":211,"column":27},"end":{"line":211,"column":41}}]},"13":{"loc":{"start":{"line":233,"column":4},"end":{"line":250,"column":null}},"type":"if","locations":[{"start":{"line":233,"column":4},"end":{"line":250,"column":null}},{"start":{"line":233,"column":4},"end":{"line":250,"column":null}}]},"14":{"loc":{"start":{"line":233,"column":8},"end":{"line":233,"column":18}},"type":"binary-expr","locations":[{"start":{"line":233,"column":8},"end":{"line":233,"column":18}},{"start":{"line":233,"column":22},"end":{"line":233,"column":32}}]},"15":{"loc":{"start":{"line":234,"column":6},"end":{"line":234,"column":56}},"type":"if","locations":[{"start":{"line":234,"column":6},"end":{"line":234,"column":56}},{"start":{"line":234,"column":6},"end":{"line":234,"column":56}}]},"16":{"loc":{"start":{"line":235,"column":6},"end":{"line":238,"column":null}},"type":"if","locations":[{"start":{"line":235,"column":6},"end":{"line":238,"column":null}},{"start":{"line":235,"column":6},"end":{"line":238,"column":null}}]},"17":{"loc":{"start":{"line":237,"column":40},"end":{"line":237,"column":46}},"type":"cond-expr","locations":[{"start":{"line":237,"column":40},"end":{"line":237,"column":46}},{"start":{"line":237,"column":49},"end":{"line":237,"column":58}}]},"18":{"loc":{"start":{"line":239,"column":6},"end":{"line":241,"column":null}},"type":"if","locations":[{"start":{"line":239,"column":6},"end":{"line":241,"column":null}},{"start":{"line":239,"column":6},"end":{"line":241,"column":null}}]},"19":{"loc":{"start":{"line":239,"column":20},"end":{"line":239,"column":22}},"type":"cond-expr","locations":[{"start":{"line":239,"column":20},"end":{"line":239,"column":22}},{"start":{"line":239,"column":10},"end":{"line":239,"column":29}}]},"20":{"loc":{"start":{"line":239,"column":10},"end":{"line":239,"column":22}},"type":"binary-expr","locations":[{"start":{"line":239,"column":10},"end":{"line":239,"column":22}},{"start":{"line":239,"column":10},"end":{"line":239,"column":22}}]},"21":{"loc":{"start":{"line":243,"column":6},"end":{"line":245,"column":null}},"type":"if","locations":[{"start":{"line":243,"column":6},"end":{"line":245,"column":null}},{"start":{"line":243,"column":6},"end":{"line":245,"column":null}}]},"22":{"loc":{"start":{"line":243,"column":10},"end":{"line":243,"column":26}},"type":"binary-expr","locations":[{"start":{"line":243,"column":10},"end":{"line":243,"column":26}},{"start":{"line":243,"column":30},"end":{"line":243,"column":60}}]},"23":{"loc":{"start":{"line":243,"column":17},"end":{"line":243,"column":19}},"type":"cond-expr","locations":[{"start":{"line":243,"column":17},"end":{"line":243,"column":19}},{"start":{"line":243,"column":10},"end":{"line":243,"column":26}}]},"24":{"loc":{"start":{"line":243,"column":10},"end":{"line":243,"column":19}},"type":"binary-expr","locations":[{"start":{"line":243,"column":10},"end":{"line":243,"column":19}},{"start":{"line":243,"column":10},"end":{"line":243,"column":19}}]},"25":{"loc":{"start":{"line":243,"column":37},"end":{"line":243,"column":39}},"type":"cond-expr","locations":[{"start":{"line":243,"column":37},"end":{"line":243,"column":39}},{"start":{"line":243,"column":30},"end":{"line":243,"column":60}}]},"26":{"loc":{"start":{"line":243,"column":30},"end":{"line":243,"column":39}},"type":"binary-expr","locations":[{"start":{"line":243,"column":30},"end":{"line":243,"column":39}},{"start":{"line":243,"column":30},"end":{"line":243,"column":39}}]},"27":{"loc":{"start":{"line":244,"column":30},"end":{"line":244,"column":32}},"type":"cond-expr","locations":[{"start":{"line":244,"column":30},"end":{"line":244,"column":32}},{"start":{"line":244,"column":23},"end":{"line":244,"column":53}}]},"28":{"loc":{"start":{"line":244,"column":23},"end":{"line":244,"column":32}},"type":"binary-expr","locations":[{"start":{"line":244,"column":23},"end":{"line":244,"column":32}},{"start":{"line":244,"column":23},"end":{"line":244,"column":32}}]},"29":{"loc":{"start":{"line":247,"column":6},"end":{"line":249,"column":null}},"type":"if","locations":[{"start":{"line":247,"column":6},"end":{"line":249,"column":null}},{"start":{"line":247,"column":6},"end":{"line":249,"column":null}}]},"30":{"loc":{"start":{"line":247,"column":22},"end":{"line":247,"column":24}},"type":"cond-expr","locations":[{"start":{"line":247,"column":22},"end":{"line":247,"column":24}},{"start":{"line":247,"column":22},"end":{"line":247,"column":37}}]},"31":{"loc":{"start":{"line":247,"column":10},"end":{"line":247,"column":24}},"type":"binary-expr","locations":[{"start":{"line":247,"column":10},"end":{"line":247,"column":24}},{"start":{"line":247,"column":22},"end":{"line":247,"column":24}}]},"32":{"loc":{"start":{"line":247,"column":13},"end":{"line":247,"column":15}},"type":"cond-expr","locations":[{"start":{"line":247,"column":13},"end":{"line":247,"column":15}},{"start":{"line":247,"column":10},"end":{"line":247,"column":22}}]},"33":{"loc":{"start":{"line":247,"column":10},"end":{"line":247,"column":15}},"type":"binary-expr","locations":[{"start":{"line":247,"column":10},"end":{"line":247,"column":15}},{"start":{"line":247,"column":10},"end":{"line":247,"column":15}}]},"34":{"loc":{"start":{"line":248,"column":35},"end":{"line":248,"column":37}},"type":"cond-expr","locations":[{"start":{"line":248,"column":35},"end":{"line":248,"column":37}},{"start":{"line":248,"column":35},"end":{"line":248,"column":50}}]},"35":{"loc":{"start":{"line":248,"column":23},"end":{"line":248,"column":37}},"type":"binary-expr","locations":[{"start":{"line":248,"column":23},"end":{"line":248,"column":37}},{"start":{"line":248,"column":35},"end":{"line":248,"column":37}}]},"36":{"loc":{"start":{"line":248,"column":26},"end":{"line":248,"column":28}},"type":"cond-expr","locations":[{"start":{"line":248,"column":26},"end":{"line":248,"column":28}},{"start":{"line":248,"column":23},"end":{"line":248,"column":35}}]},"37":{"loc":{"start":{"line":248,"column":23},"end":{"line":248,"column":28}},"type":"binary-expr","locations":[{"start":{"line":248,"column":23},"end":{"line":248,"column":28}},{"start":{"line":248,"column":23},"end":{"line":248,"column":28}}]},"38":{"loc":{"start":{"line":256,"column":22},"end":{"line":256,"column":39}},"type":"default-arg","locations":[{"start":{"line":256,"column":22},"end":{"line":256,"column":39}}]},"39":{"loc":{"start":{"line":259,"column":6},"end":{"line":272,"column":null}},"type":"if","locations":[{"start":{"line":259,"column":6},"end":{"line":272,"column":null}},{"start":{"line":259,"column":6},"end":{"line":272,"column":null}}]},"40":{"loc":{"start":{"line":260,"column":47},"end":{"line":260,"column":63}},"type":"binary-expr","locations":[{"start":{"line":260,"column":47},"end":{"line":260,"column":63}},{"start":{"line":260,"column":67},"end":{"line":260,"column":78}}]},"41":{"loc":{"start":{"line":260,"column":54},"end":{"line":260,"column":56}},"type":"cond-expr","locations":[{"start":{"line":260,"column":54},"end":{"line":260,"column":56}},{"start":{"line":260,"column":47},"end":{"line":260,"column":63}}]},"42":{"loc":{"start":{"line":260,"column":47},"end":{"line":260,"column":56}},"type":"binary-expr","locations":[{"start":{"line":260,"column":47},"end":{"line":260,"column":56}},{"start":{"line":260,"column":47},"end":{"line":260,"column":56}}]},"43":{"loc":{"start":{"line":261,"column":8},"end":{"line":271,"column":null}},"type":"if","locations":[{"start":{"line":261,"column":8},"end":{"line":271,"column":null}},{"start":{"line":261,"column":8},"end":{"line":271,"column":null}}]},"44":{"loc":{"start":{"line":281,"column":35},"end":{"line":281,"column":45}},"type":"cond-expr","locations":[{"start":{"line":281,"column":35},"end":{"line":281,"column":45}},{"start":{"line":281,"column":48},"end":{"line":281,"column":49}}]},"45":{"loc":{"start":{"line":281,"column":11},"end":{"line":281,"column":16}},"type":"binary-expr","locations":[{"start":{"line":281,"column":11},"end":{"line":281,"column":16}},{"start":{"line":281,"column":20},"end":{"line":281,"column":32}}]},"46":{"loc":{"start":{"line":282,"column":35},"end":{"line":282,"column":45}},"type":"cond-expr","locations":[{"start":{"line":282,"column":35},"end":{"line":282,"column":45}},{"start":{"line":282,"column":48},"end":{"line":282,"column":49}}]},"47":{"loc":{"start":{"line":282,"column":11},"end":{"line":282,"column":16}},"type":"binary-expr","locations":[{"start":{"line":282,"column":11},"end":{"line":282,"column":16}},{"start":{"line":282,"column":20},"end":{"line":282,"column":32}}]},"48":{"loc":{"start":{"line":284,"column":6},"end":{"line":294,"column":null}},"type":"if","locations":[{"start":{"line":284,"column":6},"end":{"line":294,"column":null}},{"start":{"line":284,"column":6},"end":{"line":294,"column":null}}]},"49":{"loc":{"start":{"line":284,"column":10},"end":{"line":284,"column":24}},"type":"binary-expr","locations":[{"start":{"line":284,"column":10},"end":{"line":284,"column":24}},{"start":{"line":284,"column":28},"end":{"line":284,"column":56}}]},"50":{"loc":{"start":{"line":293,"column":8},"end":{"line":293,"column":37}},"type":"if","locations":[{"start":{"line":293,"column":8},"end":{"line":293,"column":37}},{"start":{"line":293,"column":8},"end":{"line":293,"column":37}}]},"51":{"loc":{"start":{"line":300,"column":4},"end":{"line":319,"column":null}},"type":"if","locations":[{"start":{"line":300,"column":4},"end":{"line":319,"column":null}},{"start":{"line":300,"column":4},"end":{"line":319,"column":null}}]},"52":{"loc":{"start":{"line":301,"column":6},"end":{"line":301,"column":20}},"type":"binary-expr","locations":[{"start":{"line":301,"column":6},"end":{"line":301,"column":20}},{"start":{"line":302,"column":6},"end":{"line":302,"column":34}},{"start":{"line":303,"column":6},"end":{"line":303,"column":26}}]},"53":{"loc":{"start":{"line":307,"column":35},"end":{"line":307,"column":61}},"type":"cond-expr","locations":[{"start":{"line":307,"column":35},"end":{"line":307,"column":61}},{"start":{"line":307,"column":64},"end":{"line":307,"column":70}}]},"54":{"loc":{"start":{"line":307,"column":11},"end":{"line":307,"column":23}},"type":"binary-expr","locations":[{"start":{"line":307,"column":11},"end":{"line":307,"column":23}},{"start":{"line":307,"column":27},"end":{"line":307,"column":32}}]},"55":{"loc":{"start":{"line":307,"column":45},"end":{"line":307,"column":55}},"type":"binary-expr","locations":[{"start":{"line":307,"column":45},"end":{"line":307,"column":55}},{"start":{"line":307,"column":59},"end":{"line":307,"column":60}}]},"56":{"loc":{"start":{"line":308,"column":35},"end":{"line":308,"column":61}},"type":"cond-expr","locations":[{"start":{"line":308,"column":35},"end":{"line":308,"column":61}},{"start":{"line":308,"column":64},"end":{"line":308,"column":70}}]},"57":{"loc":{"start":{"line":308,"column":11},"end":{"line":308,"column":23}},"type":"binary-expr","locations":[{"start":{"line":308,"column":11},"end":{"line":308,"column":23}},{"start":{"line":308,"column":27},"end":{"line":308,"column":32}}]},"58":{"loc":{"start":{"line":308,"column":45},"end":{"line":308,"column":55}},"type":"binary-expr","locations":[{"start":{"line":308,"column":45},"end":{"line":308,"column":55}},{"start":{"line":308,"column":59},"end":{"line":308,"column":60}}]},"59":{"loc":{"start":{"line":318,"column":6},"end":{"line":318,"column":35}},"type":"if","locations":[{"start":{"line":318,"column":6},"end":{"line":318,"column":35}},{"start":{"line":318,"column":6},"end":{"line":318,"column":35}}]},"60":{"loc":{"start":{"line":324,"column":4},"end":{"line":342,"column":null}},"type":"if","locations":[{"start":{"line":324,"column":4},"end":{"line":342,"column":null}},{"start":{"line":324,"column":4},"end":{"line":342,"column":null}}]},"61":{"loc":{"start":{"line":325,"column":6},"end":{"line":325,"column":20}},"type":"binary-expr","locations":[{"start":{"line":325,"column":6},"end":{"line":325,"column":20}},{"start":{"line":326,"column":6},"end":{"line":326,"column":26}},{"start":{"line":327,"column":6},"end":{"line":327,"column":34}}]},"62":{"loc":{"start":{"line":337,"column":6},"end":{"line":339,"column":null}},"type":"if","locations":[{"start":{"line":337,"column":6},"end":{"line":339,"column":null}},{"start":{"line":337,"column":6},"end":{"line":339,"column":null}}]},"63":{"loc":{"start":{"line":348,"column":6},"end":{"line":348,"column":24}},"type":"if","locations":[{"start":{"line":348,"column":6},"end":{"line":348,"column":24}},{"start":{"line":348,"column":6},"end":{"line":348,"column":24}}]},"64":{"loc":{"start":{"line":349,"column":6},"end":{"line":349,"column":57}},"type":"if","locations":[{"start":{"line":349,"column":6},"end":{"line":349,"column":57}},{"start":{"line":349,"column":6},"end":{"line":349,"column":57}}]},"65":{"loc":{"start":{"line":363,"column":6},"end":{"line":363,"column":57}},"type":"if","locations":[{"start":{"line":363,"column":6},"end":{"line":363,"column":57}},{"start":{"line":363,"column":6},"end":{"line":363,"column":57}}]}},"s":{"0":1,"1":1,"2":1,"3":1,"4":40,"5":40,"6":40,"7":40,"8":40,"9":40,"10":40,"11":40,"12":40,"13":40,"14":1,"15":40,"16":40,"17":40,"18":40,"19":1,"20":44,"21":1,"22":1,"23":48,"24":48,"25":48,"26":48,"27":48,"28":48,"29":48,"30":44,"31":48,"32":40,"33":37,"34":3,"35":34,"36":3,"37":3,"38":31,"39":3,"40":28,"41":2,"42":26,"43":26,"44":3,"45":48,"46":16,"47":16,"48":16,"49":16,"50":16,"51":16,"52":48,"53":15,"54":15,"55":15,"56":15,"57":15,"58":15,"59":48,"60":3,"61":3,"62":3,"63":3,"64":3,"65":3,"66":3,"67":48,"68":6,"69":6,"70":6,"71":6,"72":6,"73":6,"74":6,"75":48,"76":28,"77":14,"78":14,"79":0,"80":14,"81":14,"82":48,"83":14,"84":14,"85":14,"86":48,"87":1},"f":{"0":40,"1":40,"2":44,"3":48,"4":44,"5":40,"6":16,"7":15,"8":3,"9":6,"10":28,"11":14,"12":14},"b":{"0":[40,0],"1":[37,3],"2":[37,3],"3":[37,3],"4":[37,3],"5":[40,37],"6":[34,6],"7":[40,40],"8":[40,34],"9":[34,6],"10":[40,40],"11":[44],"12":[48],"13":[37,3],"14":[40,31],"15":[3,34],"16":[3,31],"17":[3,0],"18":[3,28],"19":[28,3],"20":[31,31],"21":[2,26],"22":[28,2],"23":[0,28],"24":[28,28],"25":[0,2],"26":[2,2],"27":[0,2],"28":[2,2],"29":[26,0],"30":[0,26],"31":[26,26],"32":[0,26],"33":[26,26],"34":[0,26],"35":[26,26],"36":[0,26],"37":[26,26],"38":[3],"39":[16,0],"40":[16,15],"41":[0,16],"42":[16,16],"43":[16,0],"44":[15,0],"45":[15,0],"46":[15,0],"47":[15,0],"48":[15,0],"49":[15,15],"50":[15,0],"51":[3,0],"52":[3,3,3],"53":[3,0],"54":[3,3],"55":[3,1],"56":[3,0],"57":[3,3],"58":[3,2],"59":[3,0],"60":[6,0],"61":[6,6,6],"62":[6,0],"63":[14,14],"64":[0,14],"65":[14,0]}}
,"/Users/david/Documents/workspace/react-move-hook/packages/react-move-hook/src/util.ts": {"path":"/Users/david/Documents/workspace/react-move-hook/packages/react-move-hook/src/util.ts","statementMap":{"0":{"start":{"line":4,"column":2},"end":{"line":4,"column":45}},"1":{"start":{"line":1,"column":0},"end":{"line":1,"column":16}},"2":{"start":{"line":23,"column":33},"end":{"line":30,"column":2}},"3":{"start":{"line":23,"column":54},"end":{"line":30,"column":2}},"4":{"start":{"line":23,"column":13},"end":{"line":23,"column":33}},"5":{"start":{"line":33,"column":2},"end":{"line":41,"column":4}},"6":{"start":{"line":32,"column":0},"end":{"line":32,"column":16}},"7":{"start":{"line":44,"column":30},"end":{"line":55,"column":1}},"8":{"start":{"line":45,"column":2},"end":{"line":45,"column":41}},"9":{"start":{"line":45,"column":14},"end":{"line":45,"column":41}},"10":{"start":{"line":46,"column":2},"end":{"line":53,"column":null}},"11":{"start":{"line":44,"column":13},"end":{"line":44,"column":30}},"12":{"start":{"line":62,"column":31},"end":{"line":65,"column":2}},"13":{"start":{"line":62,"column":38},"end":{"line":65,"column":2}},"14":{"start":{"line":62,"column":13},"end":{"line":62,"column":31}}},"fnMap":{"0":{"name":"isUnknownObject","decl":{"start":{"line":1,"column":16},"end":{"line":1,"column":31}},"loc":{"start":{"line":2,"column":12},"end":{"line":5,"column":1}}},"1":{"name":"(anonymous_1)","decl":{"start":{"line":23,"column":33},"end":{"line":23,"column":50}},"loc":{"start":{"line":23,"column":54},"end":{"line":30,"column":2}}},"2":{"name":"isBoundingRect","decl":{"start":{"line":32,"column":16},"end":{"line":32,"column":30}},"loc":{"start":{"line":32,"column":43},"end":{"line":42,"column":1}}},"3":{"name":"(anonymous_3)","decl":{"start":{"line":44,"column":30},"end":{"line":44,"column":31}},"loc":{"start":{"line":44,"column":72},"end":{"line":55,"column":1}}},"4":{"name":"(anonymous_4)","decl":{"start":{"line":62,"column":31},"end":{"line":62,"column":34}},"loc":{"start":{"line":62,"column":38},"end":{"line":65,"column":2}}}},"branchMap":{"0":{"loc":{"start":{"line":4,"column":9},"end":{"line":4,"column":19}},"type":"binary-expr","locations":[{"start":{"line":4,"column":9},"end":{"line":4,"column":19}},{"start":{"line":4,"column":23},"end":{"line":4,"column":44}}]},"1":{"loc":{"start":{"line":34,"column":4},"end":{"line":34,"column":24}},"type":"binary-expr","locations":[{"start":{"line":34,"column":4},"end":{"line":34,"column":24}},{"start":{"line":35,"column":4},"end":{"line":35,"column":31}},{"start":{"line":36,"column":4},"end":{"line":36,"column":32}},{"start":{"line":37,"column":4},"end":{"line":37,"column":34}},{"start":{"line":38,"column":4},"end":{"line":38,"column":33}},{"start":{"line":39,"column":4},"end":{"line":39,"column":33}},{"start":{"line":40,"column":4},"end":{"line":40,"column":34}}]},"2":{"loc":{"start":{"line":45,"column":2},"end":{"line":45,"column":41}},"type":"if","locations":[{"start":{"line":45,"column":2},"end":{"line":45,"column":41}},{"start":{"line":45,"column":2},"end":{"line":45,"column":41}}]},"3":{"loc":{"start":{"line":52,"column":35},"end":{"line":52,"column":46}},"type":"cond-expr","locations":[{"start":{"line":52,"column":35},"end":{"line":52,"column":46}},{"start":{"line":52,"column":49},"end":{"line":52,"column":50}}]},"4":{"loc":{"start":{"line":53,"column":36},"end":{"line":53,"column":48}},"type":"cond-expr","locations":[{"start":{"line":53,"column":36},"end":{"line":53,"column":48}},{"start":{"line":53,"column":51},"end":{"line":53,"column":52}}]}},"s":{"0":128,"1":2,"2":2,"3":1,"4":2,"5":128,"6":2,"7":2,"8":44,"9":0,"10":44,"11":2,"12":2,"13":49,"14":2},"f":{"0":128,"1":1,"2":128,"3":44,"4":49},"b":{"0":[128,128],"1":[128,97,94,94,94,94,94],"2":[0,44],"3":[44,0],"4":[44,0]}}
,"/Users/david/Documents/workspace/react-move-hook/packages/react-move-hook/src/stories/useMovable.stories.tsx": {"path":"/Users/david/Documents/workspace/react-move-hook/packages/react-move-hook/src/stories/useMovable.stories.tsx","statementMap":{"0":{"start":{"line":1,"column":0},"end":{"line":1,"column":null}},"1":{"start":{"line":11,"column":0},"end":{"line":11,"column":70}},"2":{"start":{"line":12,"column":0},"end":{"line":12,"column":59}},"3":{"start":{"line":13,"column":0},"end":{"line":13,"column":54}},"4":{"start":{"line":15,"column":0},"end":{"line":17,"column":10}},"5":{"start":{"line":24,"column":21},"end":{"line":26,"column":2}},"6":{"start":{"line":28,"column":16},"end":{"line":44,"column":null}},"7":{"start":{"line":29,"column":47},"end":{"line":29,"column":52}},"8":{"start":{"line":29,"column":57},"end":{"line":29,"column":61}},"9":{"start":{"line":30,"column":19},"end":{"line":41,"column":null}},"10":{"start":{"line":43,"column":4},"end":{"line":43,"column":58}},"11":{"start":{"line":47,"column":22},"end":{"line":60,"column":null}},"12":{"start":{"line":48,"column":17},"end":{"line":48,"column":22}},"13":{"start":{"line":48,"column":26},"end":{"line":48,"column":30}},"14":{"start":{"line":49,"column":19},"end":{"line":57,"column":null}},"15":{"start":{"line":59,"column":4},"end":{"line":59,"column":57}},"16":{"start":{"line":67,"column":50},"end":{"line":133,"column":1}},"17":{"start":{"line":68,"column":33},"end":{"line":68,"column":37}},"18":{"start":{"line":69,"column":24},"end":{"line":69,"column":48}},"19":{"start":{"line":71,"column":18},"end":{"line":71,"column":46}},"20":{"start":{"line":72,"column":28},"end":{"line":76,"column":4}},"21":{"start":{"line":78,"column":26},"end":{"line":80,"column":8}},"22":{"start":{"line":79,"column":4},"end":{"line":79,"column":46}},"23":{"start":{"line":79,"column":20},"end":{"line":79,"column":44}},"24":{"start":{"line":82,"column":27},"end":{"line":93,"column":8}},"25":{"start":{"line":83,"column":4},"end":{"line":92,"column":7}},"26":{"start":{"line":84,"column":18},"end":{"line":84,"column":49}},"27":{"start":{"line":85,"column":26},"end":{"line":85,"column":72}},"28":{"start":{"line":86,"column":6},"end":{"line":90,"column":null}},"29":{"start":{"line":95,"column":21},"end":{"line":97,"column":8}},"30":{"start":{"line":96,"column":4},"end":{"line":96,"column":48}},"31":{"start":{"line":96,"column":20},"end":{"line":96,"column":46}},"32":{"start":{"line":99,"column":14},"end":{"line":105,"column":null}},"33":{"start":{"line":108,"column":2},"end":{"line":132,"column":4}},"34":{"start":{"line":135,"column":13},"end":{"line":135,"column":41}},"35":{"start":{"line":136,"column":13},"end":{"line":136,"column":43}},"36":{"start":{"line":137,"column":0},"end":{"line":139,"column":2}},"37":{"start":{"line":140,"column":13},"end":{"line":140,"column":41}},"38":{"start":{"line":141,"column":0},"end":{"line":159,"column":2}},"39":{"start":{"line":143,"column":16},"end":{"line":143,"column":44}},"40":{"start":{"line":144,"column":4},"end":{"line":157,"column":6}},"41":{"start":{"line":161,"column":13},"end":{"line":161,"column":44}},"42":{"start":{"line":162,"column":0},"end":{"line":164,"column":2}},"43":{"start":{"line":166,"column":21},"end":{"line":202,"column":1}},"44":{"start":{"line":167,"column":20},"end":{"line":167,"column":67}},"45":{"start":{"line":169,"column":2},"end":{"line":201,"column":4}},"46":{"start":{"line":171,"column":6},"end":{"line":171,"column":38}},"47":{"start":{"line":172,"column":6},"end":{"line":192,"column":8}},"48":{"start":{"line":173,"column":8},"end":{"line":173,"column":50}},"49":{"start":{"line":173,"column":43},"end":{"line":173,"column":50}},"50":{"start":{"line":174,"column":8},"end":{"line":174,"column":27}},"51":{"start":{"line":175,"column":8},"end":{"line":175,"column":28}},"52":{"start":{"line":176,"column":8},"end":{"line":190,"column":null}},"53":{"start":{"line":178,"column":12},"end":{"line":178,"column":37}},"54":{"start":{"line":179,"column":12},"end":{"line":179,"column":18}},"55":{"start":{"line":181,"column":12},"end":{"line":181,"column":36}},"56":{"start":{"line":182,"column":12},"end":{"line":182,"column":18}},"57":{"start":{"line":184,"column":12},"end":{"line":184,"column":36}},"58":{"start":{"line":185,"column":12},"end":{"line":185,"column":18}},"59":{"start":{"line":187,"column":12},"end":{"line":187,"column":37}},"60":{"start":{"line":188,"column":12},"end":{"line":188,"column":18}},"61":{"start":{"line":191,"column":8},"end":{"line":191,"column":26}},"62":{"start":{"line":193,"column":6},"end":{"line":193,"column":57}},"63":{"start":{"line":196,"column":6},"end":{"line":196,"column":32}},"64":{"start":{"line":197,"column":6},"end":{"line":197,"column":56}},"65":{"start":{"line":198,"column":6},"end":{"line":198,"column":57}},"66":{"start":{"line":199,"column":6},"end":{"line":199,"column":53}},"67":{"start":{"line":204,"column":13},"end":{"line":204,"column":49}},"68":{"start":{"line":205,"column":0},"end":{"line":207,"column":2}},"69":{"start":{"line":209,"column":13},"end":{"line":209,"column":51}},"70":{"start":{"line":210,"column":0},"end":{"line":212,"column":2}}},"fnMap":{"0":{"name":"(anonymous_7)","decl":{"start":{"line":29,"column":2},"end":{"line":29,"column":3}},"loc":{"start":{"line":29,"column":68},"end":{"line":44,"column":3}}},"1":{"name":"(anonymous_8)","decl":{"start":{"line":48,"column":2},"end":{"line":48,"column":3}},"loc":{"start":{"line":48,"column":37},"end":{"line":60,"column":3}}},"2":{"name":"(anonymous_9)","decl":{"start":{"line":67,"column":50},"end":{"line":67,"column":51}},"loc":{"start":{"line":67,"column":59},"end":{"line":133,"column":1}}},"3":{"name":"(anonymous_10)","decl":{"start":{"line":78,"column":38},"end":{"line":78,"column":41}},"loc":{"start":{"line":78,"column":43},"end":{"line":80,"column":3}}},"4":{"name":"(anonymous_11)","decl":{"start":{"line":79,"column":13},"end":{"line":79,"column":14}},"loc":{"start":{"line":79,"column":20},"end":{"line":79,"column":44}}},"5":{"name":"(anonymous_12)","decl":{"start":{"line":82,"column":39},"end":{"line":82,"column":40}},"loc":{"start":{"line":82,"column":55},"end":{"line":93,"column":3}}},"6":{"name":"(anonymous_13)","decl":{"start":{"line":83,"column":13},"end":{"line":83,"column":14}},"loc":{"start":{"line":83,"column":19},"end":{"line":92,"column":5}}},"7":{"name":"(anonymous_14)","decl":{"start":{"line":95,"column":33},"end":{"line":95,"column":34}},"loc":{"start":{"line":95,"column":49},"end":{"line":97,"column":3}}},"8":{"name":"(anonymous_15)","decl":{"start":{"line":96,"column":13},"end":{"line":96,"column":14}},"loc":{"start":{"line":96,"column":20},"end":{"line":96,"column":46}}},"9":{"name":"(anonymous_16)","decl":{"start":{"line":142,"column":2},"end":{"line":142,"column":3}},"loc":{"start":{"line":142,"column":20},"end":{"line":158,"column":3}}},"10":{"name":"(anonymous_17)","decl":{"start":{"line":166,"column":21},"end":{"line":166,"column":22}},"loc":{"start":{"line":166,"column":72},"end":{"line":202,"column":1}}},"11":{"name":"(anonymous_18)","decl":{"start":{"line":170,"column":13},"end":{"line":170,"column":14}},"loc":{"start":{"line":170,"column":29},"end":{"line":194,"column":5}}},"12":{"name":"(anonymous_19)","decl":{"start":{"line":172,"column":23},"end":{"line":172,"column":24}},"loc":{"start":{"line":172,"column":44},"end":{"line":192,"column":7}}},"13":{"name":"(anonymous_20)","decl":{"start":{"line":195,"column":16},"end":{"line":195,"column":17}},"loc":{"start":{"line":195,"column":23},"end":{"line":200,"column":5}}}},"branchMap":{"0":{"loc":{"start":{"line":29,"column":23},"end":{"line":29,"column":40}},"type":"default-arg","locations":[{"start":{"line":29,"column":23},"end":{"line":29,"column":40}}]},"1":{"loc":{"start":{"line":40,"column":10},"end":{"line":40,"column":69}},"type":"cond-expr","locations":[{"start":{"line":40,"column":10},"end":{"line":40,"column":69}},{"start":{"line":41,"column":10},"end":{"line":41,"column":12}}]},"2":{"loc":{"start":{"line":84,"column":18},"end":{"line":84,"column":28}},"type":"binary-expr","locations":[{"start":{"line":84,"column":18},"end":{"line":84,"column":28}},{"start":{"line":84,"column":32},"end":{"line":84,"column":49}}]},"3":{"loc":{"start":{"line":101,"column":12},"end":{"line":101,"column":21}},"type":"binary-expr","locations":[{"start":{"line":101,"column":12},"end":{"line":101,"column":21}},{"start":{"line":101,"column":25},"end":{"line":101,"column":31}}]},"4":{"loc":{"start":{"line":121,"column":26},"end":{"line":121,"column":33}},"type":"cond-expr","locations":[{"start":{"line":121,"column":26},"end":{"line":121,"column":33}},{"start":{"line":121,"column":36},"end":{"line":121,"column":39}}]},"5":{"loc":{"start":{"line":128,"column":9},"end":{"line":128,"column":19}},"type":"binary-expr","locations":[{"start":{"line":128,"column":9},"end":{"line":128,"column":19}},{"start":{"line":128,"column":23},"end":{"line":128,"column":71}}]},"6":{"loc":{"start":{"line":171,"column":15},"end":{"line":171,"column":17}},"type":"cond-expr","locations":[{"start":{"line":171,"column":15},"end":{"line":171,"column":17}},{"start":{"line":171,"column":6},"end":{"line":171,"column":37}}]},"7":{"loc":{"start":{"line":171,"column":6},"end":{"line":171,"column":17}},"type":"binary-expr","locations":[{"start":{"line":171,"column":6},"end":{"line":171,"column":17}},{"start":{"line":171,"column":6},"end":{"line":171,"column":17}}]},"8":{"loc":{"start":{"line":173,"column":8},"end":{"line":173,"column":50}},"type":"if","locations":[{"start":{"line":173,"column":8},"end":{"line":173,"column":50}},{"start":{"line":173,"column":8},"end":{"line":173,"column":50}}]},"9":{"loc":{"start":{"line":177,"column":10},"end":{"line":179,"column":18}},"type":"switch","locations":[{"start":{"line":177,"column":10},"end":{"line":179,"column":18}},{"start":{"line":180,"column":10},"end":{"line":182,"column":18}},{"start":{"line":183,"column":10},"end":{"line":185,"column":18}},{"start":{"line":186,"column":10},"end":{"line":188,"column":18}},{"start":{"line":189,"column":10},"end":{"line":189,"column":18}}]},"10":{"loc":{"start":{"line":196,"column":15},"end":{"line":196,"column":17}},"type":"cond-expr","locations":[{"start":{"line":196,"column":15},"end":{"line":196,"column":17}},{"start":{"line":196,"column":6},"end":{"line":196,"column":31}}]},"11":{"loc":{"start":{"line":196,"column":6},"end":{"line":196,"column":17}},"type":"binary-expr","locations":[{"start":{"line":196,"column":6},"end":{"line":196,"column":17}},{"start":{"line":196,"column":6},"end":{"line":196,"column":17}}]}},"s":{"0":1,"1":1,"2":1,"3":1,"4":1,"5":1,"6":1,"7":48,"8":48,"9":48,"10":48,"11":1,"12":3,"13":3,"14":3,"15":3,"16":1,"17":48,"18":48,"19":48,"20":48,"21":48,"22":16,"23":16,"24":48,"25":6,"26":6,"27":6,"28":6,"29":48,"30":18,"31":18,"32":48,"33":48,"34":1,"35":1,"36":1,"37":1,"38":1,"39":0,"40":0,"41":1,"42":1,"43":1,"44":2,"45":2,"46":1,"47":1,"48":3,"49":0,"50":3,"51":3,"52":3,"53":0,"54":0,"55":2,"56":2,"57":1,"58":1,"59":0,"60":0,"61":3,"62":1,"63":1,"64":1,"65":1,"66":1,"67":1,"68":1,"69":1,"70":1},"f":{"0":48,"1":3,"2":48,"3":16,"4":16,"5":6,"6":6,"7":18,"8":18,"9":0,"10":2,"11":1,"12":3,"13":1},"b":{"0":[42],"1":[15,33],"2":[6,4],"3":[48,48],"4":[3,45],"5":[48,3],"6":[1,0],"7":[1,1],"8":[0,3],"9":[0,2,1,0,0],"10":[1,0],"11":[1,1]}}
}
