TN:
SF:packages/react-move-hook/src/connector.ts
FN:17,isTouchEvent
FN:24,(anonymous_1)
FN:35,(anonymous_2)
FN:36,(anonymous_3)
FN:39,(anonymous_4)
FN:43,(anonymous_5)
FN:46,(anonymous_6)
FN:49,(anonymous_7)
FN:52,(anonymous_8)
FN:60,(anonymous_9)
FN:69,(anonymous_10)
FN:72,(anonymous_11)
FN:75,(anonymous_12)
FN:78,(anonymous_13)
FN:81,(anonymous_14)
FN:89,(anonymous_15)
FNF:16
FNH:16
FNDA:28,isTouchEvent
FNDA:28,(anonymous_1)
FNDA:13,(anonymous_2)
FNDA:13,(anonymous_3)
FNDA:1,(anonymous_4)
FNDA:13,(anonymous_5)
FNDA:3,(anonymous_6)
FNDA:2,(anonymous_7)
FNDA:1,(anonymous_8)
FNDA:13,(anonymous_9)
FNDA:2,(anonymous_10)
FNDA:13,(anonymous_11)
FNDA:10,(anonymous_12)
FNDA:13,(anonymous_13)
FNDA:2,(anonymous_14)
FNDA:13,(anonymous_15)
DA:18,28
DA:19,5
DA:21,23
DA:24,1
DA:25,28
DA:26,5
DA:31,23
DA:34,1
DA:39,1
DA:40,1
DA:42,1
DA:44,13
DA:46,13
DA:47,3
DA:49,13
DA:50,2
DA:52,13
DA:53,1
DA:56,13
DA:57,13
DA:58,13
DA:61,13
DA:62,13
DA:63,13
DA:64,13
DA:69,1
DA:70,2
DA:71,2
DA:73,13
DA:75,13
DA:76,10
DA:78,13
DA:79,13
DA:81,13
DA:82,2
DA:85,13
DA:86,13
DA:87,13
DA:90,13
DA:91,13
DA:92,13
DA:93,13
LF:42
LH:42
BRDA:18,0,0,5
BRDA:18,0,1,23
BRDA:25,1,0,5
BRDA:25,1,1,23
BRDA:39,2,0,1
BRDA:69,3,0,1
BRF:6
BRH:6
end_of_record
TN:
SF:packages/react-move-hook/src/useMovable.ts
FN:85,(anonymous_0)
FN:143,(anonymous_1)
FN:176,(anonymous_2)
FN:192,(anonymous_3)
FN:221,(anonymous_4)
FN:232,(anonymous_5)
FN:256,(anonymous_6)
FN:279,(anonymous_7)
FN:299,(anonymous_8)
FN:323,(anonymous_9)
FN:347,(anonymous_10)
FN:361,(anonymous_11)
FN:362,(anonymous_12)
FNF:13
FNH:13
FNDA:40,(anonymous_0)
FNDA:40,(anonymous_1)
FNDA:44,(anonymous_2)
FNDA:48,(anonymous_3)
FNDA:44,(anonymous_4)
FNDA:40,(anonymous_5)
FNDA:16,(anonymous_6)
FNDA:15,(anonymous_7)
FNDA:3,(anonymous_8)
FNDA:6,(anonymous_9)
FNDA:28,(anonymous_10)
FNDA:14,(anonymous_11)
FNDA:14,(anonymous_12)
DA:1,1
DA:2,1
DA:3,1
DA:85,1
DA:92,40
DA:98,40
DA:104,40
DA:110,40
DA:112,40
DA:114,40
DA:115,40
DA:118,40
DA:119,40
DA:120,40
DA:143,1
DA:150,40
DA:152,40
DA:157,40
DA:163,40
DA:176,1
DA:177,44
DA:183,1
DA:192,1
DA:196,48
DA:199,48
DA:204,48
DA:205,48
DA:206,48
DA:218,48
DA:220,48
DA:222,44
DA:232,48
DA:233,40
DA:234,37
DA:235,34
DA:236,3
DA:237,3
DA:239,31
DA:240,3
DA:243,28
DA:244,2
DA:247,26
DA:248,26
DA:251,3
DA:255,48
DA:257,16
DA:258,16
DA:259,16
DA:260,16
DA:261,16
DA:262,16
DA:278,48
DA:280,15
DA:284,15
DA:285,15
DA:292,15
DA:293,15
DA:299,48
DA:300,3
DA:305,3
DA:306,3
DA:310,3
DA:317,3
DA:318,3
DA:323,48
DA:324,6
DA:329,6
DA:336,6
DA:337,6
DA:338,6
DA:340,6
DA:341,6
DA:346,48
DA:348,28
DA:349,14
DA:350,14
DA:351,14
DA:361,48
DA:362,14
DA:363,14
DA:367,48
LF:81
LH:81
BRDA:92,0,0,40
BRDA:92,0,1,0
BRDA:99,1,0,37
BRDA:99,1,1,3
BRDA:105,2,0,37
BRDA:105,2,1,3
BRDA:110,3,0,37
BRDA:110,3,1,3
BRDA:112,4,0,37
BRDA:112,4,1,3
BRDA:153,5,0,40
BRDA:153,5,1,37
BRDA:153,6,0,34
BRDA:153,6,1,6
BRDA:153,7,0,40
BRDA:153,7,1,40
BRDA:154,8,0,40
BRDA:154,8,1,34
BRDA:154,9,0,34
BRDA:154,9,1,6
BRDA:154,10,0,40
BRDA:154,10,1,40
BRDA:210,11,0,44
BRDA:211,12,0,48
BRDA:233,13,0,37
BRDA:233,13,1,3
BRDA:233,14,0,40
BRDA:233,14,1,31
BRDA:234,15,0,3
BRDA:234,15,1,34
BRDA:235,16,0,3
BRDA:235,16,1,31
BRDA:237,17,0,3
BRDA:237,17,1,0
BRDA:239,18,0,3
BRDA:239,18,1,28
BRDA:239,19,0,28
BRDA:239,19,1,3
BRDA:239,20,0,31
BRDA:239,20,1,31
BRDA:243,21,0,2
BRDA:243,21,1,26
BRDA:243,22,0,28
BRDA:243,22,1,2
BRDA:243,23,0,0
BRDA:243,23,1,28
BRDA:243,24,0,28
BRDA:243,24,1,28
BRDA:243,25,0,0
BRDA:243,25,1,2
BRDA:243,26,0,2
BRDA:243,26,1,2
BRDA:244,27,0,0
BRDA:244,27,1,2
BRDA:244,28,0,2
BRDA:244,28,1,2
BRDA:247,29,0,26
BRDA:247,29,1,0
BRDA:247,30,0,0
BRDA:247,30,1,26
BRDA:247,31,0,26
BRDA:247,31,1,26
BRDA:247,32,0,0
BRDA:247,32,1,26
BRDA:247,33,0,26
BRDA:247,33,1,26
BRDA:248,34,0,0
BRDA:248,34,1,26
BRDA:248,35,0,26
BRDA:248,35,1,26
BRDA:248,36,0,0
BRDA:248,36,1,26
BRDA:248,37,0,26
BRDA:248,37,1,26
BRDA:256,38,0,3
BRDA:259,39,0,16
BRDA:259,39,1,0
BRDA:260,40,0,16
BRDA:260,40,1,15
BRDA:260,41,0,0
BRDA:260,41,1,16
BRDA:260,42,0,16
BRDA:260,42,1,16
BRDA:261,43,0,16
BRDA:261,43,1,0
BRDA:281,44,0,15
BRDA:281,44,1,0
BRDA:281,45,0,15
BRDA:281,45,1,0
BRDA:282,46,0,15
BRDA:282,46,1,0
BRDA:282,47,0,15
BRDA:282,47,1,0
BRDA:284,48,0,15
BRDA:284,48,1,0
BRDA:284,49,0,15
BRDA:284,49,1,15
BRDA:293,50,0,15
BRDA:293,50,1,0
BRDA:300,51,0,3
BRDA:300,51,1,0
BRDA:301,52,0,3
BRDA:301,52,1,3
BRDA:301,52,2,3
BRDA:307,53,0,3
BRDA:307,53,1,0
BRDA:307,54,0,3
BRDA:307,54,1,3
BRDA:307,55,0,3
BRDA:307,55,1,1
BRDA:308,56,0,3
BRDA:308,56,1,0
BRDA:308,57,0,3
BRDA:308,57,1,3
BRDA:308,58,0,3
BRDA:308,58,1,2
BRDA:318,59,0,3
BRDA:318,59,1,0
BRDA:324,60,0,6
BRDA:324,60,1,0
BRDA:325,61,0,6
BRDA:325,61,1,6
BRDA:325,61,2,6
BRDA:337,62,0,6
BRDA:337,62,1,0
BRDA:348,63,0,14
BRDA:348,63,1,14
BRDA:349,64,0,0
BRDA:349,64,1,14
BRDA:363,65,0,14
BRDA:363,65,1,0
BRF:131
BRH:104
end_of_record
TN:
SF:packages/react-move-hook/src/util.ts
FN:1,isUnknownObject
FN:23,(anonymous_1)
FN:32,isBoundingRect
FN:44,(anonymous_3)
FN:62,(anonymous_4)
FNF:5
FNH:5
FNDA:128,isUnknownObject
FNDA:1,(anonymous_1)
FNDA:128,isBoundingRect
FNDA:44,(anonymous_3)
FNDA:49,(anonymous_4)
DA:1,2
DA:4,128
DA:23,2
DA:32,2
DA:33,128
DA:44,2
DA:45,44
DA:46,44
DA:62,49
LF:9
LH:9
BRDA:4,0,0,128
BRDA:4,0,1,128
BRDA:34,1,0,128
BRDA:34,1,1,97
BRDA:34,1,2,94
BRDA:34,1,3,94
BRDA:34,1,4,94
BRDA:34,1,5,94
BRDA:34,1,6,94
BRDA:45,2,0,0
BRDA:45,2,1,44
BRDA:52,3,0,44
BRDA:52,3,1,0
BRDA:53,4,0,44
BRDA:53,4,1,0
BRF:15
BRH:12
end_of_record
TN:
SF:packages/react-move-hook/src/stories/useMovable.stories.tsx
FN:29,(anonymous_7)
FN:48,(anonymous_8)
FN:67,(anonymous_9)
FN:78,(anonymous_10)
FN:79,(anonymous_11)
FN:82,(anonymous_12)
FN:83,(anonymous_13)
FN:95,(anonymous_14)
FN:96,(anonymous_15)
FN:142,(anonymous_16)
FN:166,(anonymous_17)
FN:170,(anonymous_18)
FN:172,(anonymous_19)
FN:195,(anonymous_20)
FNF:14
FNH:13
FNDA:48,(anonymous_7)
FNDA:3,(anonymous_8)
FNDA:48,(anonymous_9)
FNDA:16,(anonymous_10)
FNDA:16,(anonymous_11)
FNDA:6,(anonymous_12)
FNDA:6,(anonymous_13)
FNDA:18,(anonymous_14)
FNDA:18,(anonymous_15)
FNDA:0,(anonymous_16)
FNDA:2,(anonymous_17)
FNDA:1,(anonymous_18)
FNDA:3,(anonymous_19)
FNDA:1,(anonymous_20)
DA:1,1
DA:11,1
DA:12,1
DA:13,1
DA:15,1
DA:24,1
DA:28,1
DA:29,48
DA:30,48
DA:43,48
DA:47,1
DA:48,3
DA:49,3
DA:59,3
DA:67,1
DA:68,48
DA:69,48
DA:71,48
DA:72,48
DA:78,48
DA:79,16
DA:82,48
DA:83,6
DA:84,6
DA:85,6
DA:86,6
DA:95,48
DA:96,18
DA:99,48
DA:108,48
DA:135,1
DA:136,1
DA:137,1
DA:140,1
DA:141,1
DA:143,0
DA:144,0
DA:161,1
DA:162,1
DA:166,1
DA:167,2
DA:169,2
DA:171,1
DA:172,1
DA:173,3
DA:174,3
DA:175,3
DA:176,3
DA:178,0
DA:179,0
DA:181,2
DA:182,2
DA:184,1
DA:185,1
DA:187,0
DA:188,0
DA:191,3
DA:193,1
DA:196,1
DA:197,1
DA:198,1
DA:199,1
DA:204,1
DA:205,1
DA:209,1
DA:210,1
LF:66
LH:60
BRDA:29,0,0,42
BRDA:40,1,0,15
BRDA:40,1,1,33
BRDA:84,2,0,6
BRDA:84,2,1,4
BRDA:101,3,0,48
BRDA:101,3,1,48
BRDA:121,4,0,3
BRDA:121,4,1,45
BRDA:128,5,0,48
BRDA:128,5,1,3
BRDA:171,6,0,1
BRDA:171,6,1,0
BRDA:171,7,0,1
BRDA:171,7,1,1
BRDA:173,8,0,0
BRDA:173,8,1,3
BRDA:177,9,0,0
BRDA:177,9,1,2
BRDA:177,9,2,1
BRDA:177,9,3,0
BRDA:177,9,4,0
BRDA:196,10,0,1
BRDA:196,10,1,0
BRDA:196,11,0,1
BRDA:196,11,1,1
BRF:26
BRH:20
end_of_record
