TN:
SF:src/connector.ts
FN:17,isTouchEvent
FN:24,(anonymous_1)
FN:35,(anonymous_2)
FN:36,(anonymous_3)
FN:39,(anonymous_4)
FN:43,(anonymous_5)
FN:46,(anonymous_6)
FN:49,(anonymous_7)
FN:52,(anonymous_8)
FN:60,(anonymous_9)
FN:69,(anonymous_10)
FN:72,(anonymous_11)
FN:75,(anonymous_12)
FN:78,(anonymous_13)
FN:81,(anonymous_14)
FN:89,(anonymous_15)
FNF:16
FNH:16
FNDA:28,isTouchEvent
FNDA:28,(anonymous_1)
FNDA:13,(anonymous_2)
FNDA:13,(anonymous_3)
FNDA:1,(anonymous_4)
FNDA:13,(anonymous_5)
FNDA:3,(anonymous_6)
FNDA:2,(anonymous_7)
FNDA:1,(anonymous_8)
FNDA:13,(anonymous_9)
FNDA:2,(anonymous_10)
FNDA:13,(anonymous_11)
FNDA:10,(anonymous_12)
FNDA:13,(anonymous_13)
FNDA:2,(anonymous_14)
FNDA:13,(anonymous_15)
DA:18,28
DA:19,5
DA:21,23
DA:24,1
DA:25,28
DA:26,5
DA:31,23
DA:34,1
DA:39,1
DA:40,1
DA:42,1
DA:44,13
DA:46,13
DA:47,3
DA:49,13
DA:50,2
DA:52,13
DA:53,1
DA:56,13
DA:57,13
DA:58,13
DA:61,13
DA:62,13
DA:63,13
DA:64,13
DA:69,1
DA:70,2
DA:71,2
DA:73,13
DA:75,13
DA:76,10
DA:78,13
DA:79,13
DA:81,13
DA:82,2
DA:85,13
DA:86,13
DA:87,13
DA:90,13
DA:91,13
DA:92,13
DA:93,13
LF:42
LH:42
BRDA:18,0,0,5
BRDA:18,0,1,23
BRDA:25,1,0,5
BRDA:25,1,1,23
BRDA:39,2,0,1
BRDA:69,3,0,1
BRF:6
BRH:6
end_of_record
TN:
SF:src/useMovable.ts
FN:73,(anonymous_0)
FN:130,(anonymous_1)
FN:155,(anonymous_2)
FN:171,(anonymous_3)
FN:198,(anonymous_4)
FN:209,(anonymous_5)
FN:233,(anonymous_6)
FN:254,(anonymous_7)
FN:269,(anonymous_8)
FN:288,(anonymous_9)
FN:306,(anonymous_10)
FN:320,(anonymous_11)
FN:321,(anonymous_12)
FNF:13
FNH:13
FNDA:40,(anonymous_0)
FNDA:40,(anonymous_1)
FNDA:44,(anonymous_2)
FNDA:48,(anonymous_3)
FNDA:44,(anonymous_4)
FNDA:40,(anonymous_5)
FNDA:16,(anonymous_6)
FNDA:15,(anonymous_7)
FNDA:3,(anonymous_8)
FNDA:6,(anonymous_9)
FNDA:28,(anonymous_10)
FNDA:14,(anonymous_11)
FNDA:14,(anonymous_12)
DA:1,1
DA:2,1
DA:3,1
DA:73,1
DA:80,40
DA:86,40
DA:92,40
DA:98,40
DA:100,40
DA:102,40
DA:103,40
DA:106,40
DA:107,40
DA:108,40
DA:130,1
DA:136,40
DA:138,40
DA:144,40
DA:155,1
DA:156,44
DA:162,1
DA:171,1
DA:175,48
DA:178,48
DA:183,48
DA:184,48
DA:195,48
DA:197,48
DA:199,44
DA:209,48
DA:210,40
DA:211,37
DA:212,34
DA:213,3
DA:214,3
DA:216,31
DA:217,3
DA:220,28
DA:221,2
DA:224,26
DA:225,26
DA:228,3
DA:232,48
DA:234,16
DA:235,16
DA:236,16
DA:237,16
DA:238,16
DA:253,48
DA:255,15
DA:256,15
DA:262,15
DA:263,15
DA:269,48
DA:270,3
DA:271,3
DA:272,3
DA:276,3
DA:282,3
DA:283,3
DA:288,48
DA:289,6
DA:290,6
DA:299,6
DA:300,6
DA:305,48
DA:307,28
DA:308,14
DA:309,14
DA:310,14
DA:320,48
DA:321,14
DA:322,14
DA:326,48
LF:74
LH:74
BRDA:80,0,0,40
BRDA:80,0,1,0
BRDA:87,1,0,37
BRDA:87,1,1,3
BRDA:93,2,0,37
BRDA:93,2,1,3
BRDA:98,3,0,37
BRDA:98,3,1,3
BRDA:100,4,0,37
BRDA:100,4,1,3
BRDA:188,5,0,44
BRDA:189,6,0,48
BRDA:210,7,0,37
BRDA:210,7,1,3
BRDA:210,8,0,40
BRDA:210,8,1,31
BRDA:211,9,0,3
BRDA:211,9,1,34
BRDA:212,10,0,3
BRDA:212,10,1,31
BRDA:214,11,0,3
BRDA:214,11,1,0
BRDA:216,12,0,3
BRDA:216,12,1,28
BRDA:216,13,0,28
BRDA:216,13,1,3
BRDA:216,14,0,31
BRDA:216,14,1,31
BRDA:220,15,0,2
BRDA:220,15,1,26
BRDA:220,16,0,28
BRDA:220,16,1,2
BRDA:220,17,0,0
BRDA:220,17,1,28
BRDA:220,18,0,28
BRDA:220,18,1,28
BRDA:220,19,0,0
BRDA:220,19,1,2
BRDA:220,20,0,2
BRDA:220,20,1,2
BRDA:221,21,0,0
BRDA:221,21,1,2
BRDA:221,22,0,2
BRDA:221,22,1,2
BRDA:224,23,0,26
BRDA:224,23,1,0
BRDA:224,24,0,0
BRDA:224,24,1,26
BRDA:224,25,0,26
BRDA:224,25,1,26
BRDA:224,26,0,0
BRDA:224,26,1,26
BRDA:224,27,0,26
BRDA:224,27,1,26
BRDA:225,28,0,0
BRDA:225,28,1,26
BRDA:225,29,0,26
BRDA:225,29,1,26
BRDA:225,30,0,0
BRDA:225,30,1,26
BRDA:225,31,0,26
BRDA:225,31,1,26
BRDA:233,32,0,3
BRDA:236,33,0,16
BRDA:236,33,1,0
BRDA:237,34,0,16
BRDA:237,34,1,15
BRDA:237,35,0,0
BRDA:237,35,1,16
BRDA:237,36,0,16
BRDA:237,36,1,16
BRDA:238,37,0,16
BRDA:238,37,1,16
BRDA:255,38,0,15
BRDA:255,38,1,0
BRDA:255,39,0,15
BRDA:255,39,1,15
BRDA:263,40,0,15
BRDA:263,40,1,15
BRDA:270,41,0,3
BRDA:270,41,1,0
BRDA:270,42,0,3
BRDA:270,42,1,3
BRDA:270,42,2,3
BRDA:273,43,0,3
BRDA:273,43,1,1
BRDA:274,44,0,3
BRDA:274,44,1,2
BRDA:283,45,0,3
BRDA:283,45,1,3
BRDA:289,46,0,6
BRDA:289,46,1,0
BRDA:289,47,0,6
BRDA:289,47,1,6
BRDA:289,47,2,6
BRDA:290,48,0,6
BRDA:290,48,1,6
BRDA:307,49,0,14
BRDA:307,49,1,14
BRDA:308,50,0,0
BRDA:308,50,1,14
BRDA:322,51,0,14
BRDA:322,51,1,0
BRF:103
BRH:86
end_of_record
TN:
SF:src/util.ts
FN:1,isUnknownObject
FN:23,(anonymous_1)
FN:32,isBoundingRect
FN:44,(anonymous_3)
FN:62,(anonymous_4)
FNF:5
FNH:5
FNDA:128,isUnknownObject
FNDA:1,(anonymous_1)
FNDA:128,isBoundingRect
FNDA:44,(anonymous_3)
FNDA:52,(anonymous_4)
DA:1,2
DA:4,128
DA:23,2
DA:32,2
DA:33,128
DA:44,2
DA:45,44
DA:46,44
DA:62,52
LF:9
LH:9
BRDA:4,0,0,128
BRDA:4,0,1,128
BRDA:34,1,0,128
BRDA:34,1,1,97
BRDA:34,1,2,94
BRDA:34,1,3,94
BRDA:34,1,4,94
BRDA:34,1,5,94
BRDA:34,1,6,94
BRDA:45,2,0,0
BRDA:45,2,1,44
BRDA:52,3,0,44
BRDA:52,3,1,0
BRDA:53,4,0,44
BRDA:53,4,1,0
BRF:15
BRH:12
end_of_record
TN:
SF:src/stories/useMovable.stories.tsx
FN:29,(anonymous_7)
FN:48,(anonymous_8)
FN:67,(anonymous_9)
FN:78,(anonymous_10)
FN:79,(anonymous_11)
FN:82,(anonymous_12)
FN:83,(anonymous_13)
FN:95,(anonymous_14)
FN:96,(anonymous_15)
FN:142,(anonymous_16)
FN:166,(anonymous_17)
FN:170,(anonymous_18)
FN:172,(anonymous_19)
FN:194,(anonymous_20)
FNF:14
FNH:13
FNDA:48,(anonymous_7)
FNDA:3,(anonymous_8)
FNDA:48,(anonymous_9)
FNDA:16,(anonymous_10)
FNDA:16,(anonymous_11)
FNDA:6,(anonymous_12)
FNDA:6,(anonymous_13)
FNDA:18,(anonymous_14)
FNDA:18,(anonymous_15)
FNDA:0,(anonymous_16)
FNDA:2,(anonymous_17)
FNDA:1,(anonymous_18)
FNDA:3,(anonymous_19)
FNDA:1,(anonymous_20)
DA:1,1
DA:11,1
DA:12,1
DA:13,1
DA:15,1
DA:24,1
DA:28,1
DA:29,48
DA:30,48
DA:43,48
DA:47,1
DA:48,3
DA:49,3
DA:59,3
DA:67,1
DA:68,48
DA:69,48
DA:71,48
DA:72,48
DA:78,48
DA:79,16
DA:82,48
DA:83,6
DA:84,6
DA:85,6
DA:86,6
DA:95,48
DA:96,18
DA:99,48
DA:108,48
DA:135,1
DA:136,1
DA:137,1
DA:140,1
DA:141,1
DA:143,0
DA:144,0
DA:161,1
DA:162,1
DA:166,1
DA:167,2
DA:169,2
DA:171,1
DA:172,1
DA:173,3
DA:174,3
DA:175,3
DA:176,3
DA:178,0
DA:179,0
DA:181,2
DA:182,2
DA:184,1
DA:185,1
DA:187,0
DA:188,0
DA:190,3
DA:192,1
DA:195,1
DA:196,1
DA:197,1
DA:198,1
DA:203,1
DA:204,1
DA:208,1
DA:209,1
LF:66
LH:60
BRDA:29,0,0,42
BRDA:40,1,0,15
BRDA:40,1,1,33
BRDA:48,2,0,3
BRDA:84,3,0,6
BRDA:84,3,1,4
BRDA:101,4,0,48
BRDA:101,4,1,48
BRDA:121,5,0,3
BRDA:121,5,1,45
BRDA:128,6,0,48
BRDA:128,6,1,3
BRDA:171,7,0,1
BRDA:171,7,1,0
BRDA:171,8,0,1
BRDA:171,8,1,1
BRDA:173,9,0,0
BRDA:173,9,1,3
BRDA:177,10,0,0
BRDA:177,10,1,2
BRDA:177,10,2,1
BRDA:177,10,3,0
BRDA:195,11,0,1
BRDA:195,11,1,0
BRDA:195,12,0,1
BRDA:195,12,1,1
BRF:26
BRH:21
end_of_record
